#
# A fatal error has been detected by the Java Runtime Environment:
#
#  EXCEPTION_ACCESS_VIOLATION (0xc0000005) at pc=0x000002c600058d8f, pid=8280, tid=10244
#
# JRE version: OpenJDK Runtime Environment Temurin-22.0.1+8 (22.0.1+8) (build 22.0.1+8)
# Java VM: OpenJDK 64-Bit Server VM Temurin-22.0.1+8 (22.0.1+8, mixed mode, emulated-client, tiered, compressed oops, compressed class ptrs, g1 gc, windows-amd64)
# Problematic frame:
# v  ~BufferBlob::MethodHandles adapters 0x000002c600058d8f
#
# No core dump will be written. Minidumps are not enabled by default on client versions of Windows
#
# If you would like to submit a bug report, please visit:
#   https://github.com/adoptium/adoptium-support/issues
#

---------------  S U M M A R Y ------------

Command Line: -XX:+ShowCodeDetailsInExceptionMessages -agentlib:jdwp=transport=dt_socket,suspend=y,address=localhost:1263 -Dcom.sun.management.jmxremote -Dcom.sun.management.jmxremote.port=1262 -Dcom.sun.management.jmxremote.authenticate=false -Dcom.sun.management.jmxremote.ssl=false -Djava.rmi.server.hostname=localhost -Dspring.jmx.enabled=true -Dmanagement.endpoints.jmx.exposure.include=* -Dspring.application.admin.enabled=true -XX:TieredStopAtLevel=1 -Dspring.boot.project.name=scrap -javaagent:C:\Users\ASUS\eclipse\jee-2024-06\eclipse\configuration\org.eclipse.osgi\448\0\.cp\lib\javaagent-shaded.jar -Dfile.encoding=UTF-8 -Dstdout.encoding=UTF-8 -Dstderr.encoding=UTF-8 com.ahsan.scrap.ScrapApplication --spring.output.ansi.enabled=always

Host: 11th Gen Intel(R) Core(TM) i5-1135G7 @ 2.40GHz, 8 cores, 15G,  Windows 11 , 64 bit Build 22621 (10.0.22621.3672)
Time: Mon Jul 15 11:29:10 2024 Bangladesh Standard Time elapsed time: 2371.406311 seconds (0d 0h 39m 31s)

---------------  T H R E A D  ---------------

Current thread (0x000002c616593f90):  JavaThread "http-nio-8088-exec-3" daemon [_thread_in_Java, id=10244, stack(0x000000d503f00000,0x000000d504000000) (1024K)]

Stack: [0x000000d503f00000,0x000000d504000000],  sp=0x000000d503ff9928,  free space=998k
Native frames: (J=compiled Java code, j=interpreted, Vv=VM code, C=native code)
C  0x000002c600058d8f  (no source info available)

The last pc belongs to _linkToVirtual (printed below).

siginfo: EXCEPTION_ACCESS_VIOLATION (0xc0000005), reading address 0xffffffffffffffff


Registers:
RAX=0x000002c600009613, RBX=0x000000070acf50a8, RCX=0xfffffffffffffff7, RDX=0x0000000000000003
RSP=0x000000d503ff9928, RBP=0x000000d503ff9980, RSI=0x000002c616d52ed8, RDI=0x000002c61621bbb0
R8 =0x0000000000000004, R9 =0x0000000000000004, R10=0x00007ffaf665fd80, R11=0x000002c60a384280
R12=0x0000000000000000, R13=0x000000d503ff9928, R14=0x000000d503ff99a8, R15=0x000002c616593f90
RIP=0x000002c600058d8f, EFLAGS=0x0000000000010202


Register to memory mapping:

RAX=0x000002c600009613 is at code_begin+4499 in an Interpreter codelet
return entry points  [0x000002c600008480, 0x000002c60000a388]  7944 bytes
RBX=0x000000070acf50a8 is an oop: com.ahsan.scrap.model.Order 
{0x000000070acf50a8} - klass: 'com/ahsan/scrap/model/Order'
 - ---- fields (total size 5 words):
 - private 'numberOfItems' 'I' @12  0 (0x00000000)
 - private 'orderAmount' 'I' @16  0 (0x00000000)
 - private 'id' 'Ljava/lang/Long;' @20  a 'java/lang/Long'{0x0000000704e46458} = 5 (0xe09c8c8b)
 - private 'orderDate' 'Ljava/time/LocalDateTime;' @24  null (0x00000000)
 - private 'customer' 'Lcom/ahsan/scrap/model/Customer;' @28  a 'com/ahsan/scrap/model/Customer'{0x000000070acf6968} (0xe159ed2d)
 - private 'userDtls' 'Lcom/ahsan/scrap/model/UserDtls;' @32  null (0x00000000)
 - private 'orderItems' 'Ljava/util/List;' @36  a 'java/util/ArrayList'{0x000000070acf50d0} (0xe159ea1a)
RCX=0xfffffffffffffff7 is an unknown value
RDX=0x0000000000000003 is an unknown value
RSP=0x000000d503ff9928 is pointing into the stack for thread: 0x000002c616593f90
RBP=0x000000d503ff9980 is pointing into the stack for thread: 0x000002c616593f90
RSI=0x000002c616d52ed8 points into unknown readable memory: 0x80000eb62c1a6ddd | dd 6d 1a 2c b6 0e 00 80
RDI=0x000002c61621bbb0 points into unknown readable memory: 0x0000002000000070 | 70 00 00 00 20 00 00 00
R8 =0x0000000000000004 is an unknown value
R9 =0x0000000000000004 is an unknown value
R10=0x00007ffaf665fd80 jvm.dll
R11={method} {0x000002c60a384288} 'invokeVirtual' '(Ljava/lang/Object;Ljava/lang/Object;Ljava/lang/Object;)Ljava/lang/Object;' in 'java/lang/invoke/LambdaForm$DMH+0x000000008c2ac400'
R12=0x0 is null
R13=0x000000d503ff9928 is pointing into the stack for thread: 0x000002c616593f90
R14=0x000000d503ff99a8 is pointing into the stack for thread: 0x000002c616593f90
R15=0x000002c616593f90 is a thread

Top of Stack: (sp=0x000000d503ff9928)
0x000000d503ff9928:   000002c600009613 0000000708006c68
0x000000d503ff9938:   fffffffffffffff7 000002c60a384273
0x000000d503ff9948:   0000000000000005 000002c60a384428
0x000000d503ff9958:   00007ffb750ecc9a 000000070522aee8
0x000000d503ff9968:   000002c60a384280 fffffffffffffff5
0x000000d503ff9978:   000000d503ff99b0 000000d503ff9cd0
0x000000d503ff9988:   000002c600c62c07 000000070ad086d0
0x000000d503ff9998:   000000070acf50a8 0000000708006c68
0x000000d503ff99a8:   000000070ad08860 0000000000000000
0x000000d503ff99b8:   0000000708006c68 000000070ad08ba0
0x000000d503ff99c8:   000002c600db21cd 000000070ad08b70
0x000000d503ff99d8:   0000000708006c68 000000070ad08b20
0x000000d503ff99e8:   000000070acf50a8 000000070acf50a8
0x000000d503ff99f8:   000000070ad08a28 000000070ad08860
0x000000d503ff9a08:   0000000708006c68 000002c600c62b24
0x000000d503ff9a18:   00000000000000b3 000000d503ff9cd0
0x000000d503ff9a28:   000002c600a82402 0000000706c16298
0x000000d503ff9a38:   0000000000000001 0000000706c16298
0x000000d503ff9a48:   0000000705458c00 000000070822d538
0x000000d503ff9a58:   00007ffb72cb1966 000000d503ff9cd0
0x000000d503ff9a68:   000002c600451634 0000000000000000
0x000000d503ff9a78:   00007ffaf61b0000 0000000000000000
0x000000d503ff9a88:   0000000708225c50 0000000706c16298
0x000000d503ff9a98:   000000070ad08ba0 000000070ad08b70
0x000000d503ff9aa8:   0000000000000000 0000000000000000
0x000000d503ff9ab8:   0000000000000000 0000000000000000
0x000000d503ff9ac8:   0000000000000000 0000000000000000
0x000000d503ff9ad8:   0000000000000000 000000070ad08ba0
0x000000d503ff9ae8:   000000070ad084a0 0000000708006c68
0x000000d503ff9af8:   000002c600da4b5c 0000000708225c50
0x000000d503ff9b08:   0000002800000001 0000000000000000
0x000000d503ff9b18:   000002c60a09bbe8 000002c60000001d 

Instructions: (pc=0x000002c600058d8f)
0x000002c600058c8f:   00 88 ab 39 f6 fa 7f 00 00 00 8d 05 00 c6 02 00
0x000002c600058c9f:   00 80 9d 05 00 c6 02 00 00 00 8d 05 00 c6 02 00
0x000002c600058caf:   00 80 9d 05 00 c6 02 00 00 f0 8c 05 00 c6 02 00
0x000002c600058cbf:   00 f0 8c 05 00 c6 02 00 00 00 00 00 00 00 00 00
0x000002c600058ccf:   00 28 ac 39 f6 fa 7f 00 00 f0 10 00 00 60 00 00
0x000002c600058cdf:   00 ff ff ff ff f0 10 00 00 00 00 00 00 00 00 00
0x000002c600058cef:   00 00 00 00 00 00 00 00 00 00 00 00 00 00 00 00
0x000002c600058cff:   00 f4 66 66 66 0f 1f 84 00 00 00 00 00 66 66 66
0x000002c600058d0f:   90 66 66 66 0f 1f 84 00 00 00 00 00 66 66 66 90
0x000002c600058d1f:   90 48 8b 53 08 0f b7 52 2e 48 8b 0c d4 8b 59 14
0x000002c600058d2f:   48 c1 e3 03 8b 5b 28 48 c1 e3 03 8b 5b 24 48 c1
0x000002c600058d3f:   e3 03 48 8b 5b 10 48 85 db 0f 84 10 00 00 00 41
0x000002c600058d4f:   80 bf e8 05 00 00 00 74 03 ff 63 38 ff 63 50 e9
0x000002c600058d5f:   9d 72 fd ff 66 66 66 0f 1f 84 00 00 00 00 00 66
0x000002c600058d6f:   66 66 90 66 66 0f 1f 84 00 00 00 00 00 66 66 66
0x000002c600058d7f:   90 48 8b 53 08 0f b7 52 2e 48 8b 0c d4 58 5b 50
0x000002c600058d8f:   44 8b 51 08 4c 8b 5b 10 4b 8b 9c da c8 01 00 00
0x000002c600058d9f:   48 85 db 0f 84 10 00 00 00 41 80 bf e8 05 00 00
0x000002c600058daf:   00 74 03 ff 63 38 ff 63 50 e9 43 72 fd ff 66 66
0x000002c600058dbf:   90 58 5b 50 8b 5b 24 48 c1 e3 03 48 8b 5b 10 48
0x000002c600058dcf:   85 db 0f 84 10 00 00 00 41 80 bf e8 05 00 00 00
0x000002c600058ddf:   74 03 ff 63 38 ff 63 50 e9 14 72 fd ff 66 66 66
0x000002c600058def:   0f 1f 84 00 00 00 00 00 66 66 66 90 0f 1f 44 00
0x000002c600058dff:   00 48 8b 53 08 0f b7 52 2e 48 8b 0c d4 58 5b 50
0x000002c600058e0f:   48 3b 01 8b 5b 24 48 c1 e3 03 48 8b 5b 10 48 85
0x000002c600058e1f:   db 0f 84 10 00 00 00 41 80 bf e8 05 00 00 00 74
0x000002c600058e2f:   03 ff 63 38 ff 63 50 e9 c5 71 fd ff 0f 1f 44 00
0x000002c600058e3f:   00 48 8b 53 08 0f b7 52 2e 48 8b 0c d4 58 5b 50
0x000002c600058e4f:   44 8b 51 08 8b 43 18 48 c1 e0 03 48 8b 40 10 48
0x000002c600058e5f:   8b 5b 10 45 8b 9a a0 00 00 00 4f 8d 9c da c8 01
0x000002c600058e6f:   00 00 4d 8d 14 da 49 8b 1b 48 3b c3 74 15 48 85
0x000002c600058e7f:   db 0f 84 32 00 00 00 49 83 c3 10 49 8b 1b 48 3b 


Stack slot to memory mapping:

stack at sp + 0 slots: 0x000002c600009613 is at code_begin+4499 in an Interpreter codelet
return entry points  [0x000002c600008480, 0x000002c60000a388]  7944 bytes
stack at sp + 1 slots: 0x0000000708006c68 is an oop: com.ahsan.scrap.service.impl.OrderServiceImpl 
{0x0000000708006c68} - klass: 'com/ahsan/scrap/service/impl/OrderServiceImpl'
 - ---- fields (total size 4 words):
 - private 'orderRepository' 'Lcom/ahsan/scrap/repository/OrderRepository;' @12  a 'jdk/proxy11/$Proxy218'{0x000000070837a2b8} (0xe106f457)
 - private 'customerRepository' 'Lcom/ahsan/scrap/repository/CustomerRepository;' @16  a 'jdk/proxy11/$Proxy215'{0x00000007075df2b8} (0xe0ebbe57)
 - private 'productRepository' 'Lcom/ahsan/scrap/repository/ProductRepository;' @20  a 'jdk/proxy11/$Proxy216'{0x0000000707628768} (0xe0ec50ed)
 - private 'userRepository' 'Lcom/ahsan/scrap/repository/UserRepository;' @24  a 'jdk/proxy11/$Proxy214'{0x0000000706c8ba30} (0xe0d91746)
stack at sp + 2 slots: 0xfffffffffffffff7 is an unknown value
stack at sp + 3 slots: 0x000002c60a384273 is pointing into metadata
stack at sp + 4 slots: 0x0000000000000005 is an unknown value
stack at sp + 5 slots: 0x000002c60a384428 is pointing into metadata
stack at sp + 6 slots: 0x00007ffb750ecc9a ntdll.dll
stack at sp + 7 slots: 0x000000070522aee8 is an oop: java.lang.Class 
{0x000000070522aee8} - klass: 'java/lang/Class'
 - ---- fields (total size 15 words):
 - private volatile transient 'classRedefinedCount' 'I' @12  0 (0x00000000)
 - injected 'klass' 'J' @16  2351612928 (0x000000008c2ac400)
 - injected 'array_klass' 'J' @24  0 (0x0000000000000000)
 - injected 'oop_size' 'I' @32  15 (0x0000000f)
 - injected 'static_oop_field_count' 'I' @36  1 (0x00000001)
 - private volatile transient 'cachedConstructor' 'Ljava/lang/reflect/Constructor;' @40  null (0x00000000)
 - private transient 'name' 'Ljava/lang/String;' @44  null (0x00000000)
 - private transient 'module' 'Ljava/lang/Module;' @48  a 'java/lang/Module'{0x0000000704f12120} (0xe09e2424)
 - private final 'classLoader' 'Ljava/lang/ClassLoader;' @52  null (0x00000000)
 - private transient 'classData' 'Ljava/lang/Object;' @56  a 'java/lang/invoke/LambdaForm'{0x0000000705247160} => a 'java/lang/invoke/MemberName'{0x0000000705247290} = {method} {0x000002c60a384288} 'invokeVirtual' '(Ljava/lang/Object;Ljava/lang/Object;Ljava/lang/Object;)Ljava/lang/Object;' in 'java/lang/invoke/LambdaForm$DMH+0x000000008c2ac400' (0xe0a48e2c)
 - private transient 'packageName' 'Ljava/lang/String;' @60  null (0x00000000)
 - private final 'componentType' 'Ljava/lang/Class;' @64  null (0x00000000)
 - private volatile transient 'reflectionData' 'Ljava/lang/ref/SoftReference;' @68  null (0x00000000)
 - private volatile transient 'genericInfo' 'Lsun/reflect/generics/repository/ClassRepository;' @72  null (0x00000000)
 - private volatile transient 'enumConstants' '[Ljava/lang/Object;' @76  null (0x00000000)
 - private volatile transient 'enumConstantDirectory' 'Ljava/util/Map;' @80  null (0x00000000)
 - private volatile transient 'annotationData' 'Ljava/lang/Class$AnnotationData;' @84  null (0x00000000)
 - private volatile transient 'annotationType' 'Lsun/reflect/annotation/AnnotationType;' @88  null (0x00000000)
 - transient 'classValueMap' 'Ljava/lang/ClassValue$ClassValueMap;' @92  null (0x00000000)
 - injected 'protection_domain' 'Ljava/lang/Object;' @96  null (0x00000000)
 - injected 'signers_name' 'Ljava/lang/Object;' @100  null (0x00000000)
 - injected 'source_file' 'Ljava/lang/Object;' @104  null (0x00000000)
 - signature: Ljava/lang/invoke/LambdaForm$DMH+0x000000008c2ac400;
 - ---- static fields (1):
 - static final '_D_0' 'Ljava/lang/invoke/LambdaForm;' @112  a 'java/lang/invoke/LambdaForm'{0x0000000705247160} => a 'java/lang/invoke/MemberName'{0x0000000705247290} = {method} {0x000002c60a384288} 'invokeVirtual' '(Ljava/lang/Object;Ljava/lang/Object;Ljava/lang/Object;)Ljava/lang/Object;' in 'java/lang/invoke/LambdaForm$DMH+0x000000008c2ac400' (0xe0a48e2c)

MethodHandle::interpreter_entry::_linkToVirtual [0x000002c600058d63, 0x000002c600058dbd] (90 bytes)
[MachCode]
  0x000002c600058d63: 6666 660f | 1f84 0000 | 0000 0066 | 6666 9066 | 660f 1f84 | 0000 0000 | 0066 6666 | 9048 8b53 
  0x000002c600058d83: 080f b752 | 2e48 8b0c | d458 5b50 | 448b 5108 | 4c8b 5b10 | 4b8b 9cda | c801 0000 | 4885 db0f 
  0x000002c600058da3: 8410 0000 | 0041 80bf | e805 0000 | 0074 03ff | 6338 ff63 | 50e9 4372 | 
[/MachCode]

---------------  P R O C E S S  ---------------

Threads class SMR info:
_java_thread_list=0x000002c6165145e0, length=39, elements={
0x000002c60d063d10, 0x000002c60d0aade0, 0x000002c60d0b51f0, 0x000002c60d0b5c50,
0x000002c60d0b63b0, 0x000002c60d0b3e00, 0x000002c60d0980d0, 0x000002c60d145680,
0x000002c60d34cf80, 0x000002c60d36feb0, 0x000002c60d3764e0, 0x000002c60dc54d40,
0x000002c60de89c30, 0x000002c60de9f8e0, 0x000002c60dee0460, 0x000002c60e4ed700,
0x000002c60e5451a0, 0x000002c60e594d80, 0x000002c60e5a4f00, 0x000002c610b42800,
0x000002c610b3ecf0, 0x000002c6165987c0, 0x000002c616594cb0, 0x000002c6165966f0,
0x000002c616597aa0, 0x000002c616594620, 0x000002c616595340, 0x000002c616598130,
0x000002c61659a200, 0x000002c616593f90, 0x000002c616596d80, 0x000002c61659b5b0,
0x000002c6165959d0, 0x000002c616596060, 0x000002c616598e50, 0x000002c616597410,
0x000002c610b3f380, 0x000002c610b448d0, 0x000002c610b41450
}

Java Threads: ( => current thread )
  0x000002c60d063d10 JavaThread "Reference Handler"          daemon [_thread_blocked, id=9284, stack(0x000000d501900000,0x000000d501a00000) (1024K)]
  0x000002c60d0aade0 JavaThread "Finalizer"                  daemon [_thread_blocked, id=8804, stack(0x000000d501a00000,0x000000d501b00000) (1024K)]
  0x000002c60d0b51f0 JavaThread "Signal Dispatcher"          daemon [_thread_blocked, id=11916, stack(0x000000d501b00000,0x000000d501c00000) (1024K)]
  0x000002c60d0b5c50 JavaThread "Attach Listener"            daemon [_thread_blocked, id=7544, stack(0x000000d501c00000,0x000000d501d00000) (1024K)]
  0x000002c60d0b63b0 JavaThread "Service Thread"             daemon [_thread_blocked, id=5512, stack(0x000000d501d00000,0x000000d501e00000) (1024K)]
  0x000002c60d0b3e00 JavaThread "Monitor Deflation Thread"   daemon [_thread_blocked, id=1708, stack(0x000000d501e00000,0x000000d501f00000) (1024K)]
  0x000002c60d0980d0 JavaThread "C1 CompilerThread0"         daemon [_thread_blocked, id=5608, stack(0x000000d501f00000,0x000000d502000000) (1024K)]
  0x000002c60d145680 JavaThread "Common-Cleaner"             daemon [_thread_blocked, id=2992, stack(0x000000d502000000,0x000000d502100000) (1024K)]
  0x000002c60d34cf80 JavaThread "JDWP Transport Listener: dt_socket" daemon [_thread_blocked, id=11532, stack(0x000000d502400000,0x000000d502500000) (1024K)]
  0x000002c60d36feb0 JavaThread "JDWP Event Helper Thread"   daemon [_thread_blocked, id=12676, stack(0x000000d502500000,0x000000d502600000) (1024K)]
  0x000002c60d3764e0 JavaThread "JDWP Command Reader"        daemon [_thread_in_native, id=13896, stack(0x000000d502600000,0x000000d502700000) (1024K)]
  0x000002c60dc54d40 JavaThread "Notification Thread"        daemon [_thread_blocked, id=1800, stack(0x000000d502700000,0x000000d502800000) (1024K)]
  0x000002c60de89c30 JavaThread "RMI TCP Accept-0"           daemon [_thread_in_native, id=14352, stack(0x000000d502800000,0x000000d502900000) (1024K)]
  0x000002c60de9f8e0 JavaThread "RMI TCP Accept-1262"        daemon [_thread_in_native, id=9752, stack(0x000000d503000000,0x000000d503100000) (1024K)]
  0x000002c60dee0460 JavaThread "RMI TCP Accept-0"           daemon [_thread_in_native, id=14168, stack(0x000000d503100000,0x000000d503200000) (1024K)]
  0x000002c60e4ed700 JavaThread "RMI Scheduler(0)"           daemon [_thread_blocked, id=12680, stack(0x000000d503300000,0x000000d503400000) (1024K)]
  0x000002c60e5451a0 JavaThread "RMI TCP Connection(idle)"   daemon [_thread_blocked, id=2000, stack(0x000000d503400000,0x000000d503500000) (1024K)]
  0x000002c60e594d80 JavaThread "JMX server connection timeout 38" daemon [_thread_blocked, id=5592, stack(0x000000d503500000,0x000000d503600000) (1024K)]
  0x000002c60e5a4f00 JavaThread "mysql-cj-abandoned-connection-cleanup" daemon [_thread_blocked, id=5680, stack(0x000000d503c00000,0x000000d503d00000) (1024K)]
  0x000002c610b42800 JavaThread "Live Reload Server"         daemon [_thread_in_native, id=8980, stack(0x000000d504200000,0x000000d504300000) (1024K)]
  0x000002c610b3ecf0 JavaThread "DestroyJavaVM"                     [_thread_blocked, id=15268, stack(0x000000d501100000,0x000000d501200000) (1024K)]
  0x000002c6165987c0 JavaThread "http-nio-8088-exec-10"      daemon [_thread_blocked, id=11420, stack(0x000000d504700000,0x000000d504800000) (1024K)]
  0x000002c616594cb0 JavaThread "Catalina-utility-1"                [_thread_blocked, id=1296, stack(0x000000d502200000,0x000000d502300000) (1024K)]
  0x000002c6165966f0 JavaThread "Catalina-utility-2"                [_thread_blocked, id=4524, stack(0x000000d502300000,0x000000d502400000) (1024K)]
  0x000002c616597aa0 JavaThread "container-0"                       [_thread_blocked, id=5312, stack(0x000000d503200000,0x000000d503300000) (1024K)]
  0x000002c616594620 JavaThread "HikariPool-8 housekeeper"   daemon [_thread_blocked, id=11768, stack(0x000000d503600000,0x000000d503700000) (1024K)]
  0x000002c616595340 JavaThread "File Watcher"               daemon [_thread_blocked, id=9012, stack(0x000000d503b00000,0x000000d503c00000) (1024K)]
  0x000002c616598130 JavaThread "http-nio-8088-exec-1"       daemon [_thread_blocked, id=12596, stack(0x000000d503d00000,0x000000d503e00000) (1024K)]
  0x000002c61659a200 JavaThread "http-nio-8088-exec-2"       daemon [_thread_blocked, id=4348, stack(0x000000d503e00000,0x000000d503f00000) (1024K)]
=>0x000002c616593f90 JavaThread "http-nio-8088-exec-3"       daemon [_thread_in_Java, id=10244, stack(0x000000d503f00000,0x000000d504000000) (1024K)]
  0x000002c616596d80 JavaThread "http-nio-8088-exec-4"       daemon [_thread_blocked, id=9720, stack(0x000000d504000000,0x000000d504100000) (1024K)]
  0x000002c61659b5b0 JavaThread "http-nio-8088-exec-5"       daemon [_thread_blocked, id=13900, stack(0x000000d504100000,0x000000d504200000) (1024K)]
  0x000002c6165959d0 JavaThread "http-nio-8088-exec-6"       daemon [_thread_blocked, id=6728, stack(0x000000d504300000,0x000000d504400000) (1024K)]
  0x000002c616596060 JavaThread "http-nio-8088-exec-7"       daemon [_thread_blocked, id=12140, stack(0x000000d504400000,0x000000d504500000) (1024K)]
  0x000002c616598e50 JavaThread "http-nio-8088-exec-8"       daemon [_thread_blocked, id=8468, stack(0x000000d504500000,0x000000d504600000) (1024K)]
  0x000002c616597410 JavaThread "http-nio-8088-exec-9"       daemon [_thread_blocked, id=13196, stack(0x000000d504600000,0x000000d504700000) (1024K)]
  0x000002c610b3f380 JavaThread "http-nio-8088-exec-10"      daemon [_thread_blocked, id=1608, stack(0x000000d504800000,0x000000d504900000) (1024K)]
  0x000002c610b448d0 JavaThread "http-nio-8088-Poller"       daemon [_thread_in_native, id=11072, stack(0x000000d504900000,0x000000d504a00000) (1024K)]
  0x000002c610b41450 JavaThread "http-nio-8088-Acceptor"     daemon [_thread_in_native, id=2644, stack(0x000000d504a00000,0x000000d504b00000) (1024K)]
Total: 39

Other Threads:
  0x000002c60d00c090 VMThread "VM Thread"                           [id=11924, stack(0x000000d501800000,0x000000d501900000) (1024K)]
  0x000002c67f219b10 WatcherThread "VM Periodic Task Thread"        [id=12744, stack(0x000000d501700000,0x000000d501800000) (1024K)]
  0x000002c679cbadb0 WorkerThread "GC Thread#0"                     [id=4740, stack(0x000000d501200000,0x000000d501300000) (1024K)]
  0x000002c60de92640 WorkerThread "GC Thread#1"                     [id=9956, stack(0x000000d502900000,0x000000d502a00000) (1024K)]
  0x000002c60de929f0 WorkerThread "GC Thread#2"                     [id=3148, stack(0x000000d502a00000,0x000000d502b00000) (1024K)]
  0x000002c60de92da0 WorkerThread "GC Thread#3"                     [id=3196, stack(0x000000d502b00000,0x000000d502c00000) (1024K)]
  0x000002c60de93150 WorkerThread "GC Thread#4"                     [id=14824, stack(0x000000d502c00000,0x000000d502d00000) (1024K)]
  0x000002c60de93500 WorkerThread "GC Thread#5"                     [id=5604, stack(0x000000d502d00000,0x000000d502e00000) (1024K)]
  0x000002c60dead730 WorkerThread "GC Thread#6"                     [id=9220, stack(0x000000d502e00000,0x000000d502f00000) (1024K)]
  0x000002c60deb4cf0 WorkerThread "GC Thread#7"                     [id=13556, stack(0x000000d502f00000,0x000000d503000000) (1024K)]
  0x000002c679ccb8e0 ConcurrentGCThread "G1 Main Marker"            [id=6796, stack(0x000000d501300000,0x000000d501400000) (1024K)]
  0x000002c679cce150 WorkerThread "G1 Conc#0"                       [id=13640, stack(0x000000d501400000,0x000000d501500000) (1024K)]
  0x000002c60e65e050 WorkerThread "G1 Conc#1"                       [id=1932, stack(0x000000d503800000,0x000000d503900000) (1024K)]
  0x000002c67f0efac0 ConcurrentGCThread "G1 Refine#0"               [id=14512, stack(0x000000d501500000,0x000000d501600000) (1024K)]
  0x000002c67f0f0450 ConcurrentGCThread "G1 Service"                [id=2412, stack(0x000000d501600000,0x000000d501700000) (1024K)]
Total: 15

Threads with active compile tasks:
Total: 0

VM state: not at safepoint (normal execution)

VM Mutex/Monitor currently owned by a thread: None

OutOfMemory and StackOverflow Exception counts:
StackOverflowErrors=4
LinkageErrors=217

Heap address: 0x0000000704c00000, size: 4020 MB, Compressed Oops mode: Zero based, Oop shift amount: 3

CDS archive(s) not mapped
Compressed class space mapped at: 0x000000008c000000-0x00000000cc000000, reserved size: 1073741824
Narrow klass base: 0x0000000000000000, Narrow klass shift: 0, Narrow klass range: 0xcc000000

GC Precious Log:
 CardTable entry size: 512
 Card Set container configuration: InlinePtr #cards 4 size 8 Array Of Cards #cards 16 size 48 Howl #buckets 8 coarsen threshold 3686 Howl Bitmap #cards 512 size 80 coarsen threshold 460 Card regions per heap region 1 cards per card region 4096
 CPUs: 8 total, 8 available
 Memory: 16074M
 Large Page Support: Disabled
 NUMA Support: Disabled
 Compressed Oops: Enabled (Zero based)
 Heap Region Size: 2M
 Heap Min Capacity: 8M
 Heap Initial Capacity: 252M
 Heap Max Capacity: 4020M
 Pre-touch: Disabled
 Parallel Workers: 8
 Concurrent Workers: 2
 Concurrent Refinement Workers: 8
 Periodic GC: Disabled

Heap:
 garbage-first heap   total reserved 4116480K, committed 122880K, used 72353K [0x0000000704c00000, 0x0000000800000000)
  region size 2048K, 18 young (36864K), 2 survivors (4096K)
 Metaspace       used 96621K, committed 97472K, reserved 1179648K
  class space    used 12800K, committed 13184K, reserved 1048576K

Heap Regions: E=young(eden), S=young(survivor), O=old, HS=humongous(starts), HC=humongous(continues), CS=collection set, F=free, TAMS=top-at-mark-start, PB=parsable bottom
|   0|0x0000000704c00000, 0x0000000704e00000, 0x0000000704e00000|100%| O|  |TAMS 0x0000000704c00000| PB 0x0000000704c00000| Untracked |  0
|   1|0x0000000704e00000, 0x0000000704ffffe8, 0x0000000705000000| 99%| O|  |TAMS 0x0000000704e00000| PB 0x0000000704e00000| Untracked |  0
|   2|0x0000000705000000, 0x00000007051ffff8, 0x0000000705200000| 99%| O|  |TAMS 0x0000000705000000| PB 0x0000000705000000| Untracked |  0
|   3|0x0000000705200000, 0x00000007053ffff0, 0x0000000705400000| 99%| O|  |TAMS 0x0000000705200000| PB 0x0000000705200000| Untracked |  0
|   4|0x0000000705400000, 0x00000007055fffe8, 0x0000000705600000| 99%| O|  |TAMS 0x0000000705400000| PB 0x0000000705400000| Untracked |  0
|   5|0x0000000705600000, 0x00000007057fffe8, 0x0000000705800000| 99%| O|  |TAMS 0x0000000705600000| PB 0x0000000705600000| Untracked |  0
|   6|0x0000000705800000, 0x00000007059ffff8, 0x0000000705a00000| 99%| O|  |TAMS 0x0000000705800000| PB 0x0000000705800000| Untracked |  0
|   7|0x0000000705a00000, 0x0000000705bfffc8, 0x0000000705c00000| 99%| O|  |TAMS 0x0000000705a00000| PB 0x0000000705a00000| Untracked |  0
|   8|0x0000000705c00000, 0x0000000705dfffb8, 0x0000000705e00000| 99%| O|  |TAMS 0x0000000705c00000| PB 0x0000000705c00000| Untracked |  0
|   9|0x0000000705e00000, 0x0000000705ffffa0, 0x0000000706000000| 99%| O|  |TAMS 0x0000000705e00000| PB 0x0000000705e00000| Untracked |  0
|  10|0x0000000706000000, 0x00000007061fffe8, 0x0000000706200000| 99%| O|  |TAMS 0x0000000706000000| PB 0x0000000706000000| Untracked |  0
|  11|0x0000000706200000, 0x00000007063fb2e0, 0x0000000706400000| 99%| O|  |TAMS 0x0000000706200000| PB 0x0000000706200000| Untracked |  0
|  12|0x0000000706400000, 0x00000007065ffff0, 0x0000000706600000| 99%| O|  |TAMS 0x0000000706400000| PB 0x0000000706400000| Untracked |  0
|  13|0x0000000706600000, 0x00000007067ffff8, 0x0000000706800000| 99%| O|  |TAMS 0x0000000706600000| PB 0x0000000706600000| Untracked |  0
|  14|0x0000000706800000, 0x00000007069ffff0, 0x0000000706a00000| 99%| O|  |TAMS 0x0000000706800000| PB 0x0000000706800000| Untracked |  0
|  15|0x0000000706a00000, 0x0000000706b9e8e8, 0x0000000706c00000| 80%| O|  |TAMS 0x0000000706a00000| PB 0x0000000706a00000| Untracked |  0
|  16|0x0000000706c00000, 0x0000000706e00000, 0x0000000706e00000|100%| O|  |TAMS 0x0000000706c00000| PB 0x0000000706c00000| Untracked |  0
|  17|0x0000000706e00000, 0x0000000706e50f60, 0x0000000707000000| 15%| O|  |TAMS 0x0000000706e00000| PB 0x0000000706e00000| Untracked |  0
|  18|0x0000000707000000, 0x00000007070e88e8, 0x0000000707200000| 45%| O|  |TAMS 0x0000000707000000| PB 0x0000000707000000| Untracked |  0
|  19|0x0000000707200000, 0x000000070732a838, 0x0000000707400000| 58%| O|  |TAMS 0x0000000707200000| PB 0x0000000707200000| Untracked |  0
|  20|0x0000000707400000, 0x0000000707600000, 0x0000000707600000|100%| O|  |TAMS 0x0000000707400000| PB 0x0000000707400000| Untracked |  0
|  21|0x0000000707600000, 0x0000000707668d00, 0x0000000707800000| 20%| O|  |TAMS 0x0000000707600000| PB 0x0000000707600000| Untracked |  0
|  22|0x0000000707800000, 0x0000000707800000, 0x0000000707a00000|  0%| F|  |TAMS 0x0000000707800000| PB 0x0000000707800000| Untracked |  0
|  23|0x0000000707a00000, 0x0000000707a00000, 0x0000000707c00000|  0%| F|  |TAMS 0x0000000707a00000| PB 0x0000000707a00000| Untracked |  0
|  24|0x0000000707c00000, 0x0000000707c00000, 0x0000000707e00000|  0%| F|  |TAMS 0x0000000707c00000| PB 0x0000000707c00000| Untracked |  0
|  25|0x0000000707e00000, 0x0000000707e00000, 0x0000000708000000|  0%| F|  |TAMS 0x0000000707e00000| PB 0x0000000707e00000| Untracked |  0
|  26|0x0000000708000000, 0x0000000708041c80, 0x0000000708200000| 12%| S|CS|TAMS 0x0000000708000000| PB 0x0000000708000000| Complete |  0
|  27|0x0000000708200000, 0x0000000708400000, 0x0000000708400000|100%| S|CS|TAMS 0x0000000708200000| PB 0x0000000708200000| Complete |  0
|  28|0x0000000708400000, 0x0000000708400000, 0x0000000708600000|  0%| F|  |TAMS 0x0000000708400000| PB 0x0000000708400000| Untracked |  0
|  29|0x0000000708600000, 0x0000000708600000, 0x0000000708800000|  0%| F|  |TAMS 0x0000000708600000| PB 0x0000000708600000| Untracked |  0
|  30|0x0000000708800000, 0x0000000708800000, 0x0000000708a00000|  0%| F|  |TAMS 0x0000000708800000| PB 0x0000000708800000| Untracked |  0
|  31|0x0000000708a00000, 0x0000000708a00000, 0x0000000708c00000|  0%| F|  |TAMS 0x0000000708a00000| PB 0x0000000708a00000| Untracked |  0
|  32|0x0000000708c00000, 0x0000000708c00000, 0x0000000708e00000|  0%| F|  |TAMS 0x0000000708c00000| PB 0x0000000708c00000| Untracked |  0
|  33|0x0000000708e00000, 0x0000000708e00000, 0x0000000709000000|  0%| F|  |TAMS 0x0000000708e00000| PB 0x0000000708e00000| Untracked |  0
|  34|0x0000000709000000, 0x0000000709000000, 0x0000000709200000|  0%| F|  |TAMS 0x0000000709000000| PB 0x0000000709000000| Untracked |  0
|  35|0x0000000709200000, 0x0000000709200000, 0x0000000709400000|  0%| F|  |TAMS 0x0000000709200000| PB 0x0000000709200000| Untracked |  0
|  36|0x0000000709400000, 0x0000000709400000, 0x0000000709600000|  0%| F|  |TAMS 0x0000000709400000| PB 0x0000000709400000| Untracked |  0
|  37|0x0000000709600000, 0x0000000709600000, 0x0000000709800000|  0%| F|  |TAMS 0x0000000709600000| PB 0x0000000709600000| Untracked |  0
|  38|0x0000000709800000, 0x0000000709800000, 0x0000000709a00000|  0%| F|  |TAMS 0x0000000709800000| PB 0x0000000709800000| Untracked |  0
|  39|0x0000000709a00000, 0x0000000709a00000, 0x0000000709c00000|  0%| F|  |TAMS 0x0000000709a00000| PB 0x0000000709a00000| Untracked |  0
|  40|0x0000000709c00000, 0x0000000709c00000, 0x0000000709e00000|  0%| F|  |TAMS 0x0000000709c00000| PB 0x0000000709c00000| Untracked |  0
|  41|0x0000000709e00000, 0x0000000709e00000, 0x000000070a000000|  0%| F|  |TAMS 0x0000000709e00000| PB 0x0000000709e00000| Untracked |  0
|  42|0x000000070a000000, 0x000000070a000000, 0x000000070a200000|  0%| F|  |TAMS 0x000000070a000000| PB 0x000000070a000000| Untracked |  0
|  43|0x000000070a200000, 0x000000070a200000, 0x000000070a400000|  0%| F|  |TAMS 0x000000070a200000| PB 0x000000070a200000| Untracked |  0
|  44|0x000000070a400000, 0x000000070a4d82a0, 0x000000070a600000| 42%| E|  |TAMS 0x000000070a400000| PB 0x000000070a400000| Complete |  0
|  45|0x000000070a600000, 0x000000070a800000, 0x000000070a800000|100%| E|CS|TAMS 0x000000070a600000| PB 0x000000070a600000| Complete |  0
|  46|0x000000070a800000, 0x000000070aa00000, 0x000000070aa00000|100%| E|CS|TAMS 0x000000070a800000| PB 0x000000070a800000| Complete |  0
|  47|0x000000070aa00000, 0x000000070ac00000, 0x000000070ac00000|100%| E|CS|TAMS 0x000000070aa00000| PB 0x000000070aa00000| Complete |  0
|  48|0x000000070ac00000, 0x000000070ae00000, 0x000000070ae00000|100%| E|CS|TAMS 0x000000070ac00000| PB 0x000000070ac00000| Complete |  0
|  49|0x000000070ae00000, 0x000000070b000000, 0x000000070b000000|100%| E|CS|TAMS 0x000000070ae00000| PB 0x000000070ae00000| Complete |  0
|  50|0x000000070b000000, 0x000000070b200000, 0x000000070b200000|100%| E|CS|TAMS 0x000000070b000000| PB 0x000000070b000000| Complete |  0
|  51|0x000000070b200000, 0x000000070b400000, 0x000000070b400000|100%| E|CS|TAMS 0x000000070b200000| PB 0x000000070b200000| Complete |  0
|  52|0x000000070b400000, 0x000000070b600000, 0x000000070b600000|100%| E|CS|TAMS 0x000000070b400000| PB 0x000000070b400000| Complete |  0
|  53|0x000000070b600000, 0x000000070b800000, 0x000000070b800000|100%| E|CS|TAMS 0x000000070b600000| PB 0x000000070b600000| Complete |  0
|  54|0x000000070b800000, 0x000000070ba00000, 0x000000070ba00000|100%| E|CS|TAMS 0x000000070b800000| PB 0x000000070b800000| Complete |  0
|  55|0x000000070ba00000, 0x000000070bc00000, 0x000000070bc00000|100%| E|CS|TAMS 0x000000070ba00000| PB 0x000000070ba00000| Complete |  0
|  56|0x000000070bc00000, 0x000000070be00000, 0x000000070be00000|100%| E|CS|TAMS 0x000000070bc00000| PB 0x000000070bc00000| Complete |  0
|  57|0x000000070be00000, 0x000000070c000000, 0x000000070c000000|100%| E|CS|TAMS 0x000000070be00000| PB 0x000000070be00000| Complete |  0
|  58|0x000000070c000000, 0x000000070c200000, 0x000000070c200000|100%| E|CS|TAMS 0x000000070c000000| PB 0x000000070c000000| Complete |  0
|  59|0x000000070c200000, 0x000000070c400000, 0x000000070c400000|100%| E|CS|TAMS 0x000000070c200000| PB 0x000000070c200000| Complete |  0

Card table byte_map: [0x000002c67e020000,0x000002c67e800000] _byte_map_base: 0x000002c67a7fa000

Marking Bits: (CMBitMap*) 0x000002c679cbb4c0
 Bits: [0x000002c603000000, 0x000002c606ed0000)

Polling page: 0x000002c677ba0000

Metaspace:

Usage:
  Non-class:     81.86 MB used.
      Class:     12.50 MB used.
       Both:     94.36 MB used.

Virtual space:
  Non-class space:      128.00 MB reserved,      82.31 MB ( 64%) committed,  2 nodes.
      Class space:        1.00 GB reserved,      12.88 MB (  1%) committed,  1 nodes.
             Both:        1.12 GB reserved,      95.19 MB (  8%) committed. 

Chunk freelists:
   Non-Class:  13.66 MB
       Class:  3.01 MB
        Both:  16.67 MB

MaxMetaspaceSize: unlimited
CompressedClassSpaceSize: 1.00 GB
Initial GC threshold: 21.00 MB
Current GC threshold: 157.44 MB
CDS: off
 - commit_granule_bytes: 65536.
 - commit_granule_words: 8192.
 - virtual_space_node_default_size: 8388608.
 - enlarge_chunks_in_place: 1.
 - use_allocation_guard: 0.


Internal statistics:

num_allocs_failed_limit: 9.
num_arena_births: 1738.
num_arena_deaths: 724.
num_vsnodes_births: 3.
num_vsnodes_deaths: 0.
num_space_committed: 1523.
num_space_uncommitted: 0.
num_chunks_returned_to_freelist: 830.
num_chunks_taken_from_freelist: 5220.
num_chunk_merges: 168.
num_chunk_splits: 3319.
num_chunks_enlarged: 2517.
num_inconsistent_stats: 0.

CodeCache: size=49152Kb used=21263Kb max_used=22703Kb free=27888Kb
 bounds [0x000002c600000000, 0x000002c601670000, 0x000002c603000000]
 total_blobs=11557 nmethods=10744 adapters=736
 compilation: enabled
              stopped_count=0, restarted_count=0
 full_count=0

Compilation events (20 events):
Event: 2259.888 Thread 0x000002c60d0980d0 13626       1       org.apache.tomcat.util.http.parser.Cookie$ByteBuffer::array (5 bytes)
Event: 2259.888 Thread 0x000002c60d0980d0 nmethod 13626 0x000002c60137a390 code [0x000002c60137a520, 0x000002c60137a5f0]
Event: 2259.896 Thread 0x000002c60d0980d0 13627       1       java.util.Calendar::aggregateStamp (16 bytes)
Event: 2259.896 Thread 0x000002c60d0980d0 nmethod 13627 0x000002c60137a090 code [0x000002c60137a220, 0x000002c60137a310]
Event: 2259.896 Thread 0x000002c60d0980d0 13628       1       java.util.Calendar::isLenient (5 bytes)
Event: 2259.897 Thread 0x000002c60d0980d0 nmethod 13628 0x000002c601379d90 code [0x000002c601379f20, 0x000002c601379ff0]
Event: 2259.897 Thread 0x000002c60d0980d0 13629       1       org.springframework.core.convert.Property::<init> (46 bytes)
Event: 2259.898 Thread 0x000002c60d0980d0 nmethod 13629 0x000002c601379810 code [0x000002c6013799c0, 0x000002c601379cf0]
Event: 2259.898 Thread 0x000002c60d0980d0 13630       1       org.springframework.core.convert.Property::resolveMethodParameter (67 bytes)
Event: 2259.899 Thread 0x000002c60d0980d0 nmethod 13630 0x000002c601378b10 code [0x000002c601378d60, 0x000002c601379500]
Event: 2259.899 Thread 0x000002c60d0980d0 13631       1       org.springframework.core.convert.Property::resolveReadMethodParameter (29 bytes)
Event: 2259.900 Thread 0x000002c60d0980d0 nmethod 13631 0x000002c601378310 code [0x000002c601378500, 0x000002c601378960]
Event: 2259.900 Thread 0x000002c60d0980d0 13632       1       org.springframework.core.convert.Property::resolveWriteMethodParameter (29 bytes)
Event: 2259.901 Thread 0x000002c60d0980d0 nmethod 13632 0x000002c601377b10 code [0x000002c601377d00, 0x000002c601378160]
Event: 2259.901 Thread 0x000002c60d0980d0 13633       1       org.springframework.core.convert.TypeDescriptor::<init> (48 bytes)
Event: 2259.902 Thread 0x000002c60d0980d0 nmethod 13633 0x000002c601377090 code [0x000002c6013772a0, 0x000002c601377840]
Event: 2259.902 Thread 0x000002c60d0980d0 13634       1       org.springframework.core.convert.Property::getType (8 bytes)
Event: 2259.902 Thread 0x000002c60d0980d0 nmethod 13634 0x000002c601376d90 code [0x000002c601376f20, 0x000002c601377020]
Event: 2286.275 Thread 0x000002c60d0980d0 13635       1       java.util.LinkedHashMap$LinkedKeySet::contains (9 bytes)
Event: 2286.275 Thread 0x000002c60d0980d0 nmethod 13635 0x000002c601376a90 code [0x000002c601376c20, 0x000002c601376d28]

GC Heap History (20 events):
Event: 1105.271 GC heap before
{Heap before GC invocations=30 (full 3):
 garbage-first heap   total reserved 4116480K, committed 122880K, used 101688K [0x0000000704c00000, 0x0000000800000000)
  region size 2048K, 34 young (69632K), 0 survivors (0K)
 Metaspace       used 93030K, committed 93824K, reserved 1179648K
  class space    used 12489K, committed 12864K, reserved 1048576K
}
Event: 1105.275 GC heap after
{Heap after GC invocations=31 (full 3):
 garbage-first heap   total reserved 4116480K, committed 122880K, used 39902K [0x0000000704c00000, 0x0000000800000000)
  region size 2048K, 3 young (6144K), 3 survivors (6144K)
 Metaspace       used 93030K, committed 93824K, reserved 1179648K
  class space    used 12489K, committed 12864K, reserved 1048576K
}
Event: 1181.880 GC heap before
{Heap before GC invocations=31 (full 3):
 garbage-first heap   total reserved 4116480K, committed 122880K, used 89054K [0x0000000704c00000, 0x0000000800000000)
  region size 2048K, 28 young (57344K), 3 survivors (6144K)
 Metaspace       used 93389K, committed 94208K, reserved 1179648K
  class space    used 12512K, committed 12864K, reserved 1048576K
}
Event: 1181.923 GC heap after
{Heap after GC invocations=32 (full 4):
 garbage-first heap   total reserved 4116480K, committed 122880K, used 33774K [0x0000000704c00000, 0x0000000800000000)
  region size 2048K, 0 young (0K), 0 survivors (0K)
 Metaspace       used 93271K, committed 94208K, reserved 1179648K
  class space    used 12480K, committed 12864K, reserved 1048576K
}
Event: 1182.893 GC heap before
{Heap before GC invocations=32 (full 4):
 garbage-first heap   total reserved 4116480K, committed 122880K, used 101358K [0x0000000704c00000, 0x0000000800000000)
  region size 2048K, 34 young (69632K), 0 survivors (0K)
 Metaspace       used 93764K, committed 94528K, reserved 1179648K
  class space    used 12543K, committed 12864K, reserved 1048576K
}
Event: 1182.898 GC heap after
{Heap after GC invocations=33 (full 4):
 garbage-first heap   total reserved 4116480K, committed 122880K, used 39461K [0x0000000704c00000, 0x0000000800000000)
  region size 2048K, 3 young (6144K), 3 survivors (6144K)
 Metaspace       used 93764K, committed 94528K, reserved 1179648K
  class space    used 12543K, committed 12864K, reserved 1048576K
}
Event: 1261.531 GC heap before
{Heap before GC invocations=33 (full 4):
 garbage-first heap   total reserved 4116480K, committed 122880K, used 84517K [0x0000000704c00000, 0x0000000800000000)
  region size 2048K, 26 young (53248K), 3 survivors (6144K)
 Metaspace       used 94143K, committed 94912K, reserved 1179648K
  class space    used 12567K, committed 12928K, reserved 1048576K
}
Event: 1261.585 GC heap after
{Heap after GC invocations=34 (full 5):
 garbage-first heap   total reserved 4116480K, committed 122880K, used 34223K [0x0000000704c00000, 0x0000000800000000)
  region size 2048K, 0 young (0K), 0 survivors (0K)
 Metaspace       used 94141K, committed 94912K, reserved 1179648K
  class space    used 12566K, committed 12928K, reserved 1048576K
}
Event: 1262.132 GC heap before
{Heap before GC invocations=34 (full 5):
 garbage-first heap   total reserved 4116480K, committed 122880K, used 103855K [0x0000000704c00000, 0x0000000800000000)
  region size 2048K, 34 young (69632K), 0 survivors (0K)
 Metaspace       used 94623K, committed 95424K, reserved 1179648K
  class space    used 12617K, committed 12992K, reserved 1048576K
}
Event: 1262.136 GC heap after
{Heap after GC invocations=35 (full 5):
 garbage-first heap   total reserved 4116480K, committed 122880K, used 39774K [0x0000000704c00000, 0x0000000800000000)
  region size 2048K, 3 young (6144K), 3 survivors (6144K)
 Metaspace       used 94623K, committed 95424K, reserved 1179648K
  class space    used 12617K, committed 12992K, reserved 1048576K
}
Event: 1416.341 GC heap before
{Heap before GC invocations=35 (full 5):
 garbage-first heap   total reserved 4116480K, committed 122880K, used 93022K [0x0000000704c00000, 0x0000000800000000)
  region size 2048K, 31 young (63488K), 3 survivors (6144K)
 Metaspace       used 95014K, committed 95872K, reserved 1179648K
  class space    used 12651K, committed 13056K, reserved 1048576K
}
Event: 1416.392 GC heap after
{Heap after GC invocations=36 (full 6):
 garbage-first heap   total reserved 4116480K, committed 122880K, used 34698K [0x0000000704c00000, 0x0000000800000000)
  region size 2048K, 0 young (0K), 0 survivors (0K)
 Metaspace       used 95012K, committed 95872K, reserved 1179648K
  class space    used 12650K, committed 13056K, reserved 1048576K
}
Event: 1416.998 GC heap before
{Heap before GC invocations=36 (full 6):
 garbage-first heap   total reserved 4116480K, committed 122880K, used 102282K [0x0000000704c00000, 0x0000000800000000)
  region size 2048K, 34 young (69632K), 0 survivors (0K)
 Metaspace       used 95483K, committed 96256K, reserved 1179648K
  class space    used 12696K, committed 13056K, reserved 1048576K
}
Event: 1417.004 GC heap after
{Heap after GC invocations=37 (full 6):
 garbage-first heap   total reserved 4116480K, committed 122880K, used 40356K [0x0000000704c00000, 0x0000000800000000)
  region size 2048K, 3 young (6144K), 3 survivors (6144K)
 Metaspace       used 95483K, committed 96256K, reserved 1179648K
  class space    used 12696K, committed 13056K, reserved 1048576K
}
Event: 1533.369 GC heap before
{Heap before GC invocations=37 (full 6):
 garbage-first heap   total reserved 4116480K, committed 122880K, used 89508K [0x0000000704c00000, 0x0000000800000000)
  region size 2048K, 28 young (57344K), 3 survivors (6144K)
 Metaspace       used 95870K, committed 96704K, reserved 1179648K
  class space    used 12735K, committed 13120K, reserved 1048576K
}
Event: 1533.424 GC heap after
{Heap after GC invocations=38 (full 7):
 garbage-first heap   total reserved 4116480K, committed 122880K, used 34806K [0x0000000704c00000, 0x0000000800000000)
  region size 2048K, 0 young (0K), 0 survivors (0K)
 Metaspace       used 95849K, committed 96704K, reserved 1179648K
  class space    used 12730K, committed 13120K, reserved 1048576K
}
Event: 1533.994 GC heap before
{Heap before GC invocations=38 (full 7):
 garbage-first heap   total reserved 4116480K, committed 122880K, used 104438K [0x0000000704c00000, 0x0000000800000000)
  region size 2048K, 34 young (69632K), 0 survivors (0K)
 Metaspace       used 96317K, committed 97216K, reserved 1179648K
  class space    used 12776K, committed 13184K, reserved 1048576K
}
Event: 1534.000 GC heap after
{Heap after GC invocations=39 (full 7):
 garbage-first heap   total reserved 4116480K, committed 122880K, used 40721K [0x0000000704c00000, 0x0000000800000000)
  region size 2048K, 3 young (6144K), 3 survivors (6144K)
 Metaspace       used 96317K, committed 97216K, reserved 1179648K
  class space    used 12776K, committed 13184K, reserved 1048576K
}
Event: 2092.181 GC heap before
{Heap before GC invocations=39 (full 7):
 garbage-first heap   total reserved 4116480K, committed 122880K, used 106257K [0x0000000704c00000, 0x0000000800000000)
  region size 2048K, 35 young (71680K), 3 survivors (6144K)
 Metaspace       used 96417K, committed 97280K, reserved 1179648K
  class space    used 12783K, committed 13184K, reserved 1048576K
}
Event: 2092.201 GC heap after
{Heap after GC invocations=40 (full 7):
 garbage-first heap   total reserved 4116480K, committed 122880K, used 41633K [0x0000000704c00000, 0x0000000800000000)
  region size 2048K, 2 young (4096K), 2 survivors (4096K)
 Metaspace       used 96417K, committed 97280K, reserved 1179648K
  class space    used 12783K, committed 13184K, reserved 1048576K
}

Dll operation events (12 events):
Event: 0.025 Loaded shared library C:\Users\ASUS\.p2\pool\plugins\org.eclipse.justj.openjdk.hotspot.jre.full.win32.x86_64_22.0.1.v20240426-1149\jre\bin\java.dll
Event: 0.031 Loaded shared library C:\Users\ASUS\.p2\pool\plugins\org.eclipse.justj.openjdk.hotspot.jre.full.win32.x86_64_22.0.1.v20240426-1149\jre\bin\zip.dll
Event: 0.419 Loaded shared library C:\Users\ASUS\.p2\pool\plugins\org.eclipse.justj.openjdk.hotspot.jre.full.win32.x86_64_22.0.1.v20240426-1149\jre\bin\instrument.dll
Event: 0.434 Loaded shared library C:\Users\ASUS\.p2\pool\plugins\org.eclipse.justj.openjdk.hotspot.jre.full.win32.x86_64_22.0.1.v20240426-1149\jre\bin\net.dll
Event: 0.435 Loaded shared library C:\Users\ASUS\.p2\pool\plugins\org.eclipse.justj.openjdk.hotspot.jre.full.win32.x86_64_22.0.1.v20240426-1149\jre\bin\nio.dll
Event: 0.447 Loaded shared library C:\Users\ASUS\.p2\pool\plugins\org.eclipse.justj.openjdk.hotspot.jre.full.win32.x86_64_22.0.1.v20240426-1149\jre\bin\zip.dll
Event: 0.581 Loaded shared library C:\Users\ASUS\.p2\pool\plugins\org.eclipse.justj.openjdk.hotspot.jre.full.win32.x86_64_22.0.1.v20240426-1149\jre\bin\jimage.dll
Event: 0.631 Loaded shared library C:\Users\ASUS\.p2\pool\plugins\org.eclipse.justj.openjdk.hotspot.jre.full.win32.x86_64_22.0.1.v20240426-1149\jre\bin\management.dll
Event: 0.640 Loaded shared library C:\Users\ASUS\.p2\pool\plugins\org.eclipse.justj.openjdk.hotspot.jre.full.win32.x86_64_22.0.1.v20240426-1149\jre\bin\management_ext.dll
Event: 0.835 Loaded shared library C:\Users\ASUS\.p2\pool\plugins\org.eclipse.justj.openjdk.hotspot.jre.full.win32.x86_64_22.0.1.v20240426-1149\jre\bin\extnet.dll
Event: 0.859 Loaded shared library C:\Users\ASUS\.p2\pool\plugins\org.eclipse.justj.openjdk.hotspot.jre.full.win32.x86_64_22.0.1.v20240426-1149\jre\bin\verify.dll
Event: 1.853 Loaded shared library C:\Users\ASUS\.p2\pool\plugins\org.eclipse.justj.openjdk.hotspot.jre.full.win32.x86_64_22.0.1.v20240426-1149\jre\bin\sunmscapi.dll

Deoptimization events (20 events):
Event: 2351.603 Thread 0x000002c616595340 DEOPT PACKING pc=0x000002c600557c0c sp=0x000000d503bfe420
Event: 2351.603 Thread 0x000002c616595340 DEOPT UNPACKING pc=0x000002c6000588e2 sp=0x000000d503bfd8c8 mode 1
Event: 2351.603 Thread 0x000002c616595340 DEOPT PACKING pc=0x000002c6005182f4 sp=0x000000d503bfede0
Event: 2351.603 Thread 0x000002c616595340 DEOPT UNPACKING pc=0x000002c6000588e2 sp=0x000000d503bfe2a8 mode 1
Event: 2351.603 Thread 0x000002c616595340 DEOPT PACKING pc=0x000002c6007c5534 sp=0x000000d503bfee70
Event: 2351.603 Thread 0x000002c616595340 DEOPT UNPACKING pc=0x000002c6000588e2 sp=0x000000d503bfe490 mode 1
Event: 2351.603 Thread 0x000002c616595340 DEOPT PACKING pc=0x000002c600e9291c sp=0x000000d503bff0f0
Event: 2351.603 Thread 0x000002c616595340 DEOPT UNPACKING pc=0x000002c6000588e2 sp=0x000000d503bfe5b0 mode 1
Event: 2351.603 Thread 0x000002c616595340 DEOPT PACKING pc=0x000002c60056afc9 sp=0x000000d503bfe390
Event: 2351.603 Thread 0x000002c616595340 DEOPT UNPACKING pc=0x000002c6000588e2 sp=0x000000d503bfd7e8 mode 1
Event: 2351.603 Thread 0x000002c616595340 DEOPT PACKING pc=0x000002c600557c0c sp=0x000000d503bfe420
Event: 2351.603 Thread 0x000002c616595340 DEOPT UNPACKING pc=0x000002c6000588e2 sp=0x000000d503bfd8c8 mode 1
Event: 2351.603 Thread 0x000002c616595340 DEOPT PACKING pc=0x000002c6005182f4 sp=0x000000d503bfede0
Event: 2351.603 Thread 0x000002c616595340 DEOPT UNPACKING pc=0x000002c6000588e2 sp=0x000000d503bfe2a8 mode 1
Event: 2351.603 Thread 0x000002c616595340 DEOPT PACKING pc=0x000002c6007c5534 sp=0x000000d503bfee70
Event: 2351.603 Thread 0x000002c616595340 DEOPT UNPACKING pc=0x000002c6000588e2 sp=0x000000d503bfe490 mode 1
Event: 2351.603 Thread 0x000002c616595340 DEOPT PACKING pc=0x000002c600e9291c sp=0x000000d503bff0f0
Event: 2351.603 Thread 0x000002c616595340 DEOPT UNPACKING pc=0x000002c6000588e2 sp=0x000000d503bfe5b0 mode 1
Event: 2371.348 Thread 0x000002c616593f90 DEOPT PACKING pc=0x000002c60145edac sp=0x000000d503ff9940
Event: 2371.348 Thread 0x000002c616593f90 DEOPT UNPACKING pc=0x000002c6000588e2 sp=0x000000d503ff8de8 mode 0

Classes loaded (20 events):
Event: 1023.390 Loading class java/lang/StringEditor
Event: 1023.390 Loading class java/lang/StringEditor done
Event: 1104.653 Loading class sun/util/locale/LocaleExtensions
Event: 1104.654 Loading class sun/util/locale/LocaleExtensions done
Event: 1104.654 Loading class java/util/Locale$FilteringMode
Event: 1104.654 Loading class java/util/Locale$FilteringMode done
Event: 1104.654 Loading class java/util/Locale$IsoCountryCode
Event: 1104.654 Loading class java/util/Locale$IsoCountryCode done
Event: 1104.655 Loading class java/io/ObjectOutputStream$PutFieldImpl
Event: 1104.655 Loading class java/io/ObjectOutputStream$PutField
Event: 1104.655 Loading class java/io/ObjectOutputStream$PutField done
Event: 1104.655 Loading class java/io/ObjectOutputStream$PutFieldImpl done
Event: 1192.291 Loading class java/lang/LongEditor
Event: 1192.291 Loading class java/lang/LongEditor done
Event: 1192.292 Loading class java/time/LocalDateTimeEditor
Event: 1192.292 Loading class java/time/LocalDateTimeEditor done
Event: 1192.293 Loading class java/lang/StringEditor
Event: 1192.293 Loading class java/lang/StringEditor done
Event: 1192.305 Loading class java/lang/FloatEditor
Event: 1192.305 Loading class java/lang/FloatEditor done

Classes unloaded (20 events):
Event: 1181.893 Thread 0x000002c60d00c090 Unloading class 0x000000008cb2c800 'java/lang/invoke/LambdaForm$MH+0x000000008cb2c800'
Event: 1181.893 Thread 0x000002c60d00c090 Unloading class 0x000000008cb2d400 'java/lang/invoke/LambdaForm$MH+0x000000008cb2d400'
Event: 1181.893 Thread 0x000002c60d00c090 Unloading class 0x000000008c9dc000 'java/lang/invoke/LambdaForm$MH+0x000000008c9dc000'
Event: 1181.893 Thread 0x000002c60d00c090 Unloading class 0x000000008c4fc800 'java/lang/invoke/LambdaForm$MH+0x000000008c4fc800'
Event: 1181.893 Thread 0x000002c60d00c090 Unloading class 0x000000008c4fc400 'java/lang/invoke/LambdaForm$MH+0x000000008c4fc400'
Event: 1181.893 Thread 0x000002c60d00c090 Unloading class 0x000000008c214c00 'java/lang/invoke/LambdaForm$MH+0x000000008c214c00'
Event: 1181.893 Thread 0x000002c60d00c090 Unloading class 0x000000008c204c00 'java/lang/invoke/LambdaForm$MH+0x000000008c204c00'
Event: 1261.552 Thread 0x000002c60d00c090 Unloading class 0x000000008ccac800 'org/apache/catalina/loader/JdbcLeakPrevention'
Event: 1416.357 Thread 0x000002c60d00c090 Unloading class 0x000000008c4fc800 'org/apache/catalina/loader/JdbcLeakPrevention'
Event: 1533.394 Thread 0x000002c60d00c090 Unloading class 0x000000008ccce000 'java/lang/invoke/LambdaForm$MH+0x000000008ccce000'
Event: 1533.394 Thread 0x000002c60d00c090 Unloading class 0x000000008cccdc00 'java/lang/invoke/LambdaForm$MH+0x000000008cccdc00'
Event: 1533.394 Thread 0x000002c60d00c090 Unloading class 0x000000008cccd800 'java/lang/invoke/LambdaForm$MH+0x000000008cccd800'
Event: 1533.394 Thread 0x000002c60d00c090 Unloading class 0x000000008cccd400 'java/lang/invoke/LambdaForm$MH+0x000000008cccd400'
Event: 1533.394 Thread 0x000002c60d00c090 Unloading class 0x000000008cccd000 'java/lang/invoke/LambdaForm$MH+0x000000008cccd000'
Event: 1533.394 Thread 0x000002c60d00c090 Unloading class 0x000000008ccccc00 'java/lang/invoke/LambdaForm$MH+0x000000008ccccc00'
Event: 1533.394 Thread 0x000002c60d00c090 Unloading class 0x000000008cccc800 'java/lang/invoke/LambdaForm$MH+0x000000008cccc800'
Event: 1533.394 Thread 0x000002c60d00c090 Unloading class 0x000000008cccc400 'java/lang/invoke/LambdaForm$MH+0x000000008cccc400'
Event: 1533.394 Thread 0x000002c60d00c090 Unloading class 0x000000008ccce800 'org/apache/catalina/loader/JdbcLeakPrevention'
Event: 1533.394 Thread 0x000002c60d00c090 Unloading class 0x000000008c4d0800 'java/lang/invoke/LambdaForm$MH+0x000000008c4d0800'
Event: 1533.394 Thread 0x000002c60d00c090 Unloading class 0x000000008c4d0400 'java/lang/invoke/LambdaForm$MH+0x000000008c4d0400'

Classes redefined (20 events):
Event: 1414.680 Thread 0x000002c60d00c090 redefined class name=com.ahsan.scrap.controller.web.AdminController, count=4
Event: 1414.680 Thread 0x000002c60d00c090 redefined class name=com.ahsan.scrap.controller.web.AdminController, count=3
Event: 1414.680 Thread 0x000002c60d00c090 redefined class name=com.ahsan.scrap.controller.web.AdminController, count=2
Event: 1414.680 Thread 0x000002c60d00c090 redefined class name=com.ahsan.scrap.controller.web.AdminController, count=5
Event: 1414.680 Thread 0x000002c60d00c090 redefined class name=com.ahsan.scrap.controller.web.AdminController, count=1
Event: 1524.332 Thread 0x000002c60d00c090 redefined class name=com.ahsan.scrap.controller.web.AdminController, count=1
Event: 1524.332 Thread 0x000002c60d00c090 redefined class name=com.ahsan.scrap.controller.web.AdminController, count=5
Event: 1524.332 Thread 0x000002c60d00c090 redefined class name=com.ahsan.scrap.controller.web.AdminController, count=4
Event: 1524.332 Thread 0x000002c60d00c090 redefined class name=com.ahsan.scrap.controller.web.AdminController, count=3
Event: 1524.332 Thread 0x000002c60d00c090 redefined class name=com.ahsan.scrap.controller.web.AdminController, count=2
Event: 1524.332 Thread 0x000002c60d00c090 redefined class name=com.ahsan.scrap.controller.web.AdminController, count=7
Event: 1524.332 Thread 0x000002c60d00c090 redefined class name=com.ahsan.scrap.controller.web.AdminController, count=6
Event: 2371.372 Thread 0x000002c60d00c090 redefined class name=com.ahsan.scrap.service.impl.OrderServiceImpl, count=1
Event: 2371.372 Thread 0x000002c60d00c090 redefined class name=com.ahsan.scrap.service.impl.OrderServiceImpl, count=1
Event: 2371.372 Thread 0x000002c60d00c090 redefined class name=com.ahsan.scrap.service.impl.OrderServiceImpl, count=1
Event: 2371.372 Thread 0x000002c60d00c090 redefined class name=com.ahsan.scrap.service.impl.OrderServiceImpl, count=1
Event: 2371.372 Thread 0x000002c60d00c090 redefined class name=com.ahsan.scrap.service.impl.OrderServiceImpl, count=1
Event: 2371.372 Thread 0x000002c60d00c090 redefined class name=com.ahsan.scrap.service.impl.OrderServiceImpl, count=1
Event: 2371.372 Thread 0x000002c60d00c090 redefined class name=com.ahsan.scrap.service.impl.OrderServiceImpl, count=1
Event: 2371.372 Thread 0x000002c60d00c090 redefined class name=com.ahsan.scrap.service.impl.OrderServiceImpl, count=1

Internal exceptions (20 events):
Event: 1531.043 Thread 0x000002c616597410 Exception <a 'java/io/IOException'{0x000000070928b170}> (0x000000070928b170) 
thrown [s\src\hotspot\share\prims\jni.cpp, line 520]
Event: 1531.049 Thread 0x000002c616597410 Exception <a 'java/io/IOException'{0x000000070928e150}> (0x000000070928e150) 
thrown [s\src\hotspot\share\prims\jni.cpp, line 520]
Event: 1531.050 Thread 0x000002c616597410 Exception <a 'java/io/IOException'{0x000000070928edb8}> (0x000000070928edb8) 
thrown [s\src\hotspot\share\prims\jni.cpp, line 520]
Event: 1531.053 Thread 0x000002c616597410 Exception <a 'java/io/IOException'{0x0000000709290bf0}> (0x0000000709290bf0) 
thrown [s\src\hotspot\share\prims\jni.cpp, line 520]
Event: 1531.053 Thread 0x000002c616597410 Exception <a 'java/io/IOException'{0x0000000709291858}> (0x0000000709291858) 
thrown [s\src\hotspot\share\prims\jni.cpp, line 520]
Event: 1531.055 Thread 0x000002c616597410 Exception <a 'java/io/IOException'{0x0000000709293690}> (0x0000000709293690) 
thrown [s\src\hotspot\share\prims\jni.cpp, line 520]
Event: 1531.055 Thread 0x000002c616597410 Exception <a 'java/io/IOException'{0x00000007092942f8}> (0x00000007092942f8) 
thrown [s\src\hotspot\share\prims\jni.cpp, line 520]
Event: 1531.056 Thread 0x000002c616597410 Exception <a 'java/net/SocketException'{0x0000000709296108}: Connection reset by peer: shutdown> (0x0000000709296108) 
thrown [s\src\hotspot\share\prims\jni.cpp, line 539]
Event: 1533.368 Thread 0x000002c610b41450 Exception <a 'java/lang/InterruptedException'{0x0000000709308448}: sleep interrupted> (0x0000000709308448) 
thrown [s\src\hotspot\share\prims\jvm.cpp, line 3093]
Event: 1533.439 Thread 0x000002c61659a890 Exception <a 'sun/nio/fs/WindowsException'{0x000000070c284f70}> (0x000000070c284f70) 
thrown [s\src\hotspot\share\prims\jni.cpp, line 520]
Event: 1533.688 Thread 0x000002c61659a890 Exception <a 'java/lang/NoClassDefFoundError'{0x000000070a510c78}: org/flywaydb/core/Flyway> (0x000000070a510c78) 
thrown [s\src\hotspot\share\oops\constantPool.cpp, line 872]
Event: 1533.689 Thread 0x000002c61659a890 Exception <a 'java/lang/NoClassDefFoundError'{0x000000070a5112d8}: liquibase/integration/spring/SpringLiquibase> (0x000000070a5112d8) 
thrown [s\src\hotspot\share\oops\constantPool.cpp, line 872]
Event: 1533.691 Thread 0x000002c61659a890 Exception <a 'java/lang/NoClassDefFoundError'{0x000000070a52ee48}: org/springframework/batch/core/repository/JobRepository> (0x000000070a52ee48) 
thrown [s\src\hotspot\share\oops\constantPool.cpp, line 872]
Event: 1533.692 Thread 0x000002c61659a890 Exception <a 'java/lang/NoClassDefFoundError'{0x000000070a52f4a0}: org/quartz/Scheduler> (0x000000070a52f4a0) 
thrown [s\src\hotspot\share\oops\constantPool.cpp, line 872]
Event: 1533.693 Thread 0x000002c61659a890 Exception <a 'java/lang/NoClassDefFoundError'{0x000000070a52fb20}: org/springframework/session/jdbc/JdbcIndexedSessionRepository> (0x000000070a52fb20) 
thrown [s\src\hotspot\share\oops\constantPool.cpp, line 872]
Event: 1533.696 Thread 0x000002c61659a890 Exception <a 'java/lang/NoClassDefFoundError'{0x000000070a58deb8}: org/jooq/DSLContext> (0x000000070a58deb8) 
thrown [s\src\hotspot\share\oops\constantPool.cpp, line 872]
Event: 1533.756 Thread 0x000002c61659a890 Exception <a 'java/io/FileNotFoundException'{0x0000000709d0b488}> (0x0000000709d0b488) 
thrown [s\src\hotspot\share\prims\jni.cpp, line 520]
Event: 1533.774 Thread 0x000002c61659a890 Exception <a 'java/lang/NoSuchMethodError'{0x0000000709b5b850}: static Lcom/ahsan/scrap/config/CustomUserDetails;.<clinit>()V> (0x0000000709b5b850) 
thrown [s\src\hotspot\share\prims\jni.cpp, line 1111]
Event: 1533.776 Thread 0x000002c61659a890 Exception <a 'java/lang/ClassCastException'{0x0000000709b701e0}: class java.io.ObjectStreamClass cannot be cast to class java.lang.String (java.io.ObjectStreamClass and java.lang.String are in module java.base of loader 'bootstrap')> (0x0000000709b701e0) 
thrown [s\src\hotspot\share\interpreter\interpreterRuntime.cpp, line 452]
Event: 1534.136 Thread 0x000002c61659a890 Exception <a 'java/lang/ClassCastException'{0x000000070b581b10}: class org.hibernate.validator.messageinterpolation.ParameterMessageInterpolator cannot be cast to class jakarta.validation.MessageInterpolator (org.hibernate.validator.messageinterpolation.ParameterMessageInterpolator and jakarta.validation.MessageInterpolator are in unnamed module of loader 'app')> (0x000000070b581b10) 
thrown [s\src\hotspot\share\interpreter\interpreterRuntime.cpp, line 452]

ZGC Phase Switch (0 events):
No events

VM Operations (20 events):
Event: 2371.280 Executing VM operation: ChangeBreakpoints
Event: 2371.280 Executing VM operation: ChangeBreakpoints done
Event: 2371.280 Executing VM operation: ChangeBreakpoints
Event: 2371.280 Executing VM operation: ChangeBreakpoints done
Event: 2371.347 Executing VM operation: ChangeSingleStep
Event: 2371.347 Executing VM operation: ChangeSingleStep done
Event: 2371.347 Executing VM operation: ChangeSingleStep
Event: 2371.347 Executing VM operation: ChangeSingleStep done
Event: 2371.348 Executing VM operation: ChangeSingleStep
Event: 2371.348 Executing VM operation: ChangeSingleStep done
Event: 2371.348 Executing VM operation: ChangeSingleStep
Event: 2371.348 Executing VM operation: ChangeSingleStep done
Event: 2371.364 Executing VM operation: RedefineClasses
Event: 2371.390 Executing VM operation: RedefineClasses done
Event: 2371.392 Executing VM operation: ChangeSingleStep
Event: 2371.392 Executing VM operation: ChangeSingleStep done
Event: 2371.393 Executing VM operation: ChangeSingleStep
Event: 2371.393 Executing VM operation: ChangeSingleStep done
Event: 2371.394 Executing VM operation: ChangeSingleStep
Event: 2371.394 Executing VM operation: ChangeSingleStep done

Events (20 events):
Event: 1533.930 Thread 0x000002c61659af20 Thread added: 0x000002c61659af20
Event: 1534.189 Thread 0x000002c616595340 Thread added: 0x000002c616595340
Event: 1534.198 Thread 0x000002c616598130 Thread added: 0x000002c616598130
Event: 1534.198 Thread 0x000002c61659a200 Thread added: 0x000002c61659a200
Event: 1534.198 Thread 0x000002c616593f90 Thread added: 0x000002c616593f90
Event: 1534.198 Thread 0x000002c616596d80 Thread added: 0x000002c616596d80
Event: 1534.198 Thread 0x000002c61659b5b0 Thread added: 0x000002c61659b5b0
Event: 1534.198 Thread 0x000002c6165959d0 Thread added: 0x000002c6165959d0
Event: 1534.199 Thread 0x000002c616596060 Thread added: 0x000002c616596060
Event: 1534.199 Thread 0x000002c616598e50 Thread added: 0x000002c616598e50
Event: 1534.199 Thread 0x000002c616597410 Thread added: 0x000002c616597410
Event: 1534.199 Thread 0x000002c610b3f380 Thread added: 0x000002c610b3f380
Event: 1534.200 Thread 0x000002c610b448d0 Thread added: 0x000002c610b448d0
Event: 1534.200 Thread 0x000002c610b41450 Thread added: 0x000002c610b41450
Event: 1534.210 Thread 0x000002c61659a890 Thread exited: 0x000002c61659a890
Event: 1534.210 Thread 0x000002c616599b70 Thread exited: 0x000002c616599b70
Event: 1539.326 Thread 0x000002c6165a6cb0 Thread exited: 0x000002c6165a6cb0
Event: 1539.326 Thread 0x000002c6165a5f10 Thread exited: 0x000002c6165a5f10
Event: 1539.358 Thread 0x000002c61659af20 Thread exited: 0x000002c61659af20
Event: 1544.340 Thread 0x000002c60dc598b0 Thread exited: 0x000002c60dc598b0


Dynamic libraries:
0x00007ff7f9a40000 - 0x00007ff7f9a4e000 	C:\Users\ASUS\.p2\pool\plugins\org.eclipse.justj.openjdk.hotspot.jre.full.win32.x86_64_22.0.1.v20240426-1149\jre\bin\javaw.exe
0x00007ffb750b0000 - 0x00007ffb752c7000 	C:\WINDOWS\SYSTEM32\ntdll.dll
0x00007ffb74120000 - 0x00007ffb741e4000 	C:\WINDOWS\System32\KERNEL32.DLL
0x00007ffb723e0000 - 0x00007ffb7278d000 	C:\WINDOWS\System32\KERNELBASE.dll
0x00007ffb72ca0000 - 0x00007ffb72db1000 	C:\WINDOWS\System32\ucrtbase.dll
0x00007ffb53df0000 - 0x00007ffb53e0b000 	C:\Users\ASUS\.p2\pool\plugins\org.eclipse.justj.openjdk.hotspot.jre.full.win32.x86_64_22.0.1.v20240426-1149\jre\bin\VCRUNTIME140.dll
0x00007ffb4ce20000 - 0x00007ffb4ce37000 	C:\Users\ASUS\.p2\pool\plugins\org.eclipse.justj.openjdk.hotspot.jre.full.win32.x86_64_22.0.1.v20240426-1149\jre\bin\jli.dll
0x00007ffb741f0000 - 0x00007ffb7439e000 	C:\WINDOWS\System32\USER32.dll
0x00007ffb5ad50000 - 0x00007ffb5afe3000 	C:\WINDOWS\WinSxS\amd64_microsoft.windows.common-controls_6595b64144ccf1df_6.0.22621.3672_none_2713b9d173822955\COMCTL32.dll
0x00007ffb72900000 - 0x00007ffb72926000 	C:\WINDOWS\System32\win32u.dll
0x00007ffb72df0000 - 0x00007ffb72e97000 	C:\WINDOWS\System32\msvcrt.dll
0x00007ffb72f00000 - 0x00007ffb72f29000 	C:\WINDOWS\System32\GDI32.dll
0x00007ffb72930000 - 0x00007ffb72a49000 	C:\WINDOWS\System32\gdi32full.dll
0x00007ffb72c00000 - 0x00007ffb72c9a000 	C:\WINDOWS\System32\msvcp_win.dll
0x00007ffb73ff0000 - 0x00007ffb74021000 	C:\WINDOWS\System32\IMM32.DLL
0x00007ffb53bb0000 - 0x00007ffb53bbc000 	C:\Users\ASUS\.p2\pool\plugins\org.eclipse.justj.openjdk.hotspot.jre.full.win32.x86_64_22.0.1.v20240426-1149\jre\bin\vcruntime140_1.dll
0x00007ffaf3fa0000 - 0x00007ffaf402e000 	C:\Users\ASUS\.p2\pool\plugins\org.eclipse.justj.openjdk.hotspot.jre.full.win32.x86_64_22.0.1.v20240426-1149\jre\bin\msvcp140.dll
0x00007ffaf5970000 - 0x00007ffaf6732000 	C:\Users\ASUS\.p2\pool\plugins\org.eclipse.justj.openjdk.hotspot.jre.full.win32.x86_64_22.0.1.v20240426-1149\jre\bin\server\jvm.dll
0x00007ffb73a20000 - 0x00007ffb73ad2000 	C:\WINDOWS\System32\ADVAPI32.dll
0x00007ffb74bc0000 - 0x00007ffb74c69000 	C:\WINDOWS\System32\sechost.dll
0x00007ffb72dc0000 - 0x00007ffb72de8000 	C:\WINDOWS\System32\bcrypt.dll
0x00007ffb74a50000 - 0x00007ffb74b64000 	C:\WINDOWS\System32\RPCRT4.dll
0x00007ffb74c70000 - 0x00007ffb74ce1000 	C:\WINDOWS\System32\WS2_32.dll
0x00007ffb71d00000 - 0x00007ffb71d4d000 	C:\WINDOWS\SYSTEM32\POWRPROF.dll
0x00007ffb69f10000 - 0x00007ffb69f44000 	C:\WINDOWS\SYSTEM32\WINMM.dll
0x00007ffb69c40000 - 0x00007ffb69c4a000 	C:\WINDOWS\SYSTEM32\VERSION.dll
0x00007ffb71cc0000 - 0x00007ffb71cd3000 	C:\WINDOWS\SYSTEM32\UMPDC.dll
0x00007ffb713d0000 - 0x00007ffb713e8000 	C:\WINDOWS\SYSTEM32\kernel.appcore.dll
0x00007ffb66bf0000 - 0x00007ffb66bfa000 	C:\Users\ASUS\.p2\pool\plugins\org.eclipse.justj.openjdk.hotspot.jre.full.win32.x86_64_22.0.1.v20240426-1149\jre\bin\jimage.dll
0x00007ffb6fcd0000 - 0x00007ffb6ff02000 	C:\WINDOWS\SYSTEM32\DBGHELP.DLL
0x00007ffb73b00000 - 0x00007ffb73e88000 	C:\WINDOWS\System32\combase.dll
0x00007ffb74030000 - 0x00007ffb74107000 	C:\WINDOWS\System32\OLEAUT32.dll
0x00007ffb4d9a0000 - 0x00007ffb4d9d2000 	C:\WINDOWS\SYSTEM32\dbgcore.DLL
0x00007ffb72b80000 - 0x00007ffb72bfb000 	C:\WINDOWS\System32\bcryptPrimitives.dll
0x00007ffb69fc0000 - 0x00007ffb69ffc000 	C:\Users\ASUS\.p2\pool\plugins\org.eclipse.justj.openjdk.hotspot.jre.full.win32.x86_64_22.0.1.v20240426-1149\jre\bin\jdwp.dll
0x00007ffb649d0000 - 0x00007ffb649df000 	C:\Users\ASUS\.p2\pool\plugins\org.eclipse.justj.openjdk.hotspot.jre.full.win32.x86_64_22.0.1.v20240426-1149\jre\bin\instrument.dll
0x00007ffb4cb60000 - 0x00007ffb4cb7e000 	C:\Users\ASUS\.p2\pool\plugins\org.eclipse.justj.openjdk.hotspot.jre.full.win32.x86_64_22.0.1.v20240426-1149\jre\bin\java.dll
0x00007ffb730b0000 - 0x00007ffb7390f000 	C:\WINDOWS\System32\SHELL32.dll
0x00007ffb74eb0000 - 0x00007ffb75055000 	C:\WINDOWS\System32\ole32.dll
0x00007ffb4c750000 - 0x00007ffb4c767000 	C:\Users\ASUS\.p2\pool\plugins\org.eclipse.justj.openjdk.hotspot.jre.full.win32.x86_64_22.0.1.v20240426-1149\jre\bin\zip.dll
0x00007ffb702e0000 - 0x00007ffb70bdc000 	C:\WINDOWS\SYSTEM32\windows.storage.dll
0x00007ffb701a0000 - 0x00007ffb702df000 	C:\WINDOWS\SYSTEM32\wintypes.dll
0x00007ffb73920000 - 0x00007ffb73a14000 	C:\WINDOWS\System32\SHCORE.dll
0x00007ffb74820000 - 0x00007ffb7487e000 	C:\WINDOWS\System32\shlwapi.dll
0x00007ffb72310000 - 0x00007ffb72331000 	C:\WINDOWS\SYSTEM32\profapi.dll
0x00007ffb69fb0000 - 0x00007ffb69fbc000 	C:\Users\ASUS\.p2\pool\plugins\org.eclipse.justj.openjdk.hotspot.jre.full.win32.x86_64_22.0.1.v20240426-1149\jre\bin\dt_socket.dll
0x00007ffb70e30000 - 0x00007ffb70e5d000 	C:\WINDOWS\SYSTEM32\IPHLPAPI.DLL
0x00007ffb71830000 - 0x00007ffb71899000 	C:\WINDOWS\system32\mswsock.dll
0x00007ffb70e60000 - 0x00007ffb70f58000 	C:\WINDOWS\SYSTEM32\DNSAPI.dll
0x00007ffb74110000 - 0x00007ffb74119000 	C:\WINDOWS\System32\NSI.dll
0x00007ffb67830000 - 0x00007ffb6783a000 	C:\Windows\System32\rasadhlp.dll
0x00007ffb69c50000 - 0x00007ffb69cd3000 	C:\WINDOWS\System32\fwpuclnt.dll
0x00007ffb4c0c0000 - 0x00007ffb4c0d0000 	C:\Users\ASUS\.p2\pool\plugins\org.eclipse.justj.openjdk.hotspot.jre.full.win32.x86_64_22.0.1.v20240426-1149\jre\bin\net.dll
0x00007ffb3e3d0000 - 0x00007ffb3e3e6000 	C:\Users\ASUS\.p2\pool\plugins\org.eclipse.justj.openjdk.hotspot.jre.full.win32.x86_64_22.0.1.v20240426-1149\jre\bin\nio.dll
0x00007ffb6efd0000 - 0x00007ffb6efda000 	C:\Users\ASUS\.p2\pool\plugins\org.eclipse.justj.openjdk.hotspot.jre.full.win32.x86_64_22.0.1.v20240426-1149\jre\bin\management.dll
0x00007ffb6efc0000 - 0x00007ffb6efcb000 	C:\Users\ASUS\.p2\pool\plugins\org.eclipse.justj.openjdk.hotspot.jre.full.win32.x86_64_22.0.1.v20240426-1149\jre\bin\management_ext.dll
0x00007ffb73910000 - 0x00007ffb73918000 	C:\WINDOWS\System32\PSAPI.DLL
0x00007ffb45170000 - 0x00007ffb45187000 	C:\WINDOWS\system32\napinsp.dll
0x00007ffb45150000 - 0x00007ffb4516b000 	C:\WINDOWS\system32\pnrpnsp.dll
0x00007ffb45130000 - 0x00007ffb45141000 	C:\WINDOWS\System32\winrnr.dll
0x00007ffb69ea0000 - 0x00007ffb69eb5000 	C:\WINDOWS\system32\wshbth.dll
0x00007ffb45100000 - 0x00007ffb45127000 	C:\WINDOWS\system32\nlansp_c.dll
0x00007ffb71b80000 - 0x00007ffb71b9b000 	C:\WINDOWS\SYSTEM32\CRYPTSP.dll
0x00007ffb71330000 - 0x00007ffb71365000 	C:\WINDOWS\system32\rsaenh.dll
0x00007ffb718d0000 - 0x00007ffb718f8000 	C:\WINDOWS\SYSTEM32\USERENV.dll
0x00007ffb71b60000 - 0x00007ffb71b6c000 	C:\WINDOWS\SYSTEM32\CRYPTBASE.dll
0x00007ffb6efb0000 - 0x00007ffb6efb9000 	C:\Users\ASUS\.p2\pool\plugins\org.eclipse.justj.openjdk.hotspot.jre.full.win32.x86_64_22.0.1.v20240426-1149\jre\bin\extnet.dll
0x00007ffb3e4f0000 - 0x00007ffb3e500000 	C:\Users\ASUS\.p2\pool\plugins\org.eclipse.justj.openjdk.hotspot.jre.full.win32.x86_64_22.0.1.v20240426-1149\jre\bin\verify.dll
0x00007ffb59b30000 - 0x00007ffb59b3e000 	C:\Users\ASUS\.p2\pool\plugins\org.eclipse.justj.openjdk.hotspot.jre.full.win32.x86_64_22.0.1.v20240426-1149\jre\bin\sunmscapi.dll
0x00007ffb72790000 - 0x00007ffb728f7000 	C:\WINDOWS\System32\CRYPT32.dll
0x00007ffb71d90000 - 0x00007ffb71dbe000 	C:\WINDOWS\SYSTEM32\ncrypt.dll
0x00007ffb71d50000 - 0x00007ffb71d87000 	C:\WINDOWS\SYSTEM32\NTASN1.dll
0x00007ffb58840000 - 0x00007ffb58848000 	C:\WINDOWS\system32\wshunix.dll

dbghelp: loaded successfully - version: 4.0.5 - missing functions: none
symbol engine: initialized successfully - sym options: 0x614 - pdb path: .;C:\Users\ASUS\.p2\pool\plugins\org.eclipse.justj.openjdk.hotspot.jre.full.win32.x86_64_22.0.1.v20240426-1149\jre\bin;C:\WINDOWS\SYSTEM32;C:\WINDOWS\WinSxS\amd64_microsoft.windows.common-controls_6595b64144ccf1df_6.0.22621.3672_none_2713b9d173822955;C:\Users\ASUS\.p2\pool\plugins\org.eclipse.justj.openjdk.hotspot.jre.full.win32.x86_64_22.0.1.v20240426-1149\jre\bin\server

VM Arguments:
jvm_args: -XX:+ShowCodeDetailsInExceptionMessages -agentlib:jdwp=transport=dt_socket,suspend=y,address=localhost:1263 -Dcom.sun.management.jmxremote -Dcom.sun.management.jmxremote.port=1262 -Dcom.sun.management.jmxremote.authenticate=false -Dcom.sun.management.jmxremote.ssl=false -Djava.rmi.server.hostname=localhost -Dspring.jmx.enabled=true -Dmanagement.endpoints.jmx.exposure.include=* -Dspring.application.admin.enabled=true -XX:TieredStopAtLevel=1 -Dspring.boot.project.name=scrap -javaagent:C:\Users\ASUS\eclipse\jee-2024-06\eclipse\configuration\org.eclipse.osgi\448\0\.cp\lib\javaagent-shaded.jar -Dfile.encoding=UTF-8 -Dstdout.encoding=UTF-8 -Dstderr.encoding=UTF-8 
java_command: com.ahsan.scrap.ScrapApplication --spring.output.ansi.enabled=always
java_class_path (initial): D:\Java Spring Boot\scrap-metal\scrap\bin\main;C:\Users\ASUS\.gradle\caches\modules-2\files-2.1\org.projectlombok\lombok\1.18.32\17d46b3e205515e1e8efd3ee4d57ce8018914163\lombok-1.18.32.jar;C:\Users\ASUS\.gradle\caches\modules-2\files-2.1\org.springframework.boot\spring-boot-starter-data-jdbc\3.3.1\381aebf1bbd6981a9d3091ee8ad8aa0179b000a8\spring-boot-starter-data-jdbc-3.3.1.jar;C:\Users\ASUS\.gradle\caches\modules-2\files-2.1\org.springframework.boot\spring-boot-starter-data-jpa\3.3.1\f12725d58a944eaf4d44334a6a7b0fe14ed08577\spring-boot-starter-data-jpa-3.3.1.jar;C:\Users\ASUS\.gradle\caches\modules-2\files-2.1\org.springframework.boot\spring-boot-starter-security\3.3.1\8bd079c5339fc519fce243858cb3db819a983e9b\spring-boot-starter-security-3.3.1.jar;C:\Users\ASUS\.gradle\caches\modules-2\files-2.1\org.springframework.boot\spring-boot-starter-thymeleaf\3.3.1\bfaf6d8f8f8498d5c35758204af71aceb22c21eb\spring-boot-starter-thymeleaf-3.3.1.jar;C:\Users\ASUS\.gradle\caches\modules-2\files-2.1\org.springframework.boot\spring-boot-starter-web\3.3.1\ec812e82a010d089438b6ac98ebe294f2e540f71\spring-boot-starter-web-3.3.1.jar;C:\Users\ASUS\.gradle\caches\modules-2\files-2.1\org.thymeleaf.extras\thymeleaf-extras-springsecurity6\3.1.2.RELEASE\574c188eb147191e2f162419e9fc780fcf3256d7\thymeleaf-extras-springsecurity6-3.1.2.RELEASE.jar;C:\Users\ASUS\.gradle\caches\modules-2\files-2.1\org.springframework.boot\spring-boot-starter-validation\3.3.1\33dee7cc334482480ed01c19c7fe5a35509bba17\spring-boot-starter-validation-3.3.1.jar;C:\Users\ASUS\.gradle\caches\modules-2\files-2.1\org.hibernate.validator\hibernate-validator\6.2.2.Final\821830f490f5828f6ee702c9d38a46d9708c6bc6\hibernate-validator-6.2.2.Final.jar;C:\Users\ASUS\.gradle\caches\modules-2\files-2.1\javax.validation\validation-api\2.0.1.Final\cb855558e6271b1b32e716d24cb85c7f583ce09e\validation-api-2.0.1.Final.jar;C:\Users\ASUS\.gradle\caches\modules-2\files-2.1\org.springframework.boot\spring-boot-starter-jdbc\3.3.1\73e79247180d277b68801ff5f4f9e9ab66210335\spring-boot-starter-jdbc-3.3.1.jar;C:\Users\ASUS\.gradle\caches\modules-2\files-2.1\org.springframework.data\spring-data-jdbc\3.3.1\9cac427fc1504c8a725427cbb4344064e87ba64d\spring-data-jdbc-3.3.1.jar;C:\Users\ASUS\.gradle\caches\modules-2\files-2.1\org.springframework.boot\spring-boot-starter-aop\3.3.1\19da2c8abacda5bed6fadfe3e76e4b61e9cc0f09\spring-boot-starter-aop-3.3.1.jar;C:\Users\ASUS\.gradle\caches\modules-2\files-2.1\org.hibernate.orm\hibernate-core\6.5.2.Final\e9e0cc47f6cd2b2553968aee66bd9e55e7485221\hibernate-core-6.5.2.Final.jar;C:\Users\ASUS\.gradle\caches\modules-2\files-2.1\org.springframework.data\spring-data-jpa\3.3.1\bf75f2140be9325d78de2c1c88eb9b7388a41bb1\spring-data-jpa-3.3.1.jar;C:\Users\ASUS\.gradle\caches\modules-2\files-2.1\org.springframework\spring-aspects\6.1.10\8d869a8bcc99e71b98b9d5ca141539d6e6ba3061\spring-aspects-6.1.10.jar;C:\Users\ASUS\.gradle\caches\modules-2\files-2.1\org.springframework.boot\spring-boot-starter-json\3.3.1\b78d1ce67c3a44e8a2c2799b70e8c216166d0f5b\spring-boot-starter-json-3.3.1.jar;C:\Users\ASUS\.gradle\caches\modules-2\files-2.1\org.springframework.boot\spring-boot-starter\3.3.1\30e0ac13cfa51c77db60909ea28572a1e973f186\spring-boot-starter-3.3.1.jar;C:\Users\ASUS\.gradle\caches\modules-2\files-2.1\org.springframework.security\spring-security-config\6.3.1\e4f6c1cf4f8969c9e5ed26121f0fbd7ee35a7ca4\spring-security-config-6.3.1.jar;C:\Users\ASUS\.gradle\caches\modules-2\files-2.1\org.springframework.security\spring-security-web\6.3.1\aff43933f28c808252b2d31f768b92fa61b634f6\spring-security-web-6.3.1.jar;C:\Users\ASUS\.gradle\caches\modules-2\files-2.1\org.springframework\spring-webmvc\6.1.10\476344c2f21ab070bc72108375d9355f2ec0ddd1\spring-webmvc-6.1.10.jar;C:\Users\ASUS\.gradle\caches\modules-2\files-2.1\org.springframework.data\spring-data-relational\3.3.1\73838b16f902bc231b41a5ecb923d3d832f1b2a\spring-data-relational-3.3.1.jar;C:\Users\ASUS\.gradle\caches\modules-2\files-2.1\org.springframework.boot\spring-boot-autoconfigure\3.3.1\36a6489e3ba5e34163bddb5134021de9ce101abc\spring-boot-autoconfigure-3.3.1.jar;C:\Users\ASUS\.gradle\caches\modules-2\files-2.1\org.springframework.boot\spring-boot\3.3.1\2c5cfe68bc12646ce44663f865d39c747a28f2c7\spring-boot-3.3.1.jar;C:\Users\ASUS\.gradle\caches\modules-2\files-2.1\org.springframework.security\spring-security-core\6.3.1\598c2461a17c29705ca7fd8c02efd23a1f650ccd\spring-security-core-6.3.1.jar;C:\Users\ASUS\.gradle\caches\modules-2\files-2.1\org.springframework\spring-context\6.1.10\6f869ea35a26028f3bfbfb52c72ef2b077fbb6e5\spring-context-6.1.10.jar;C:\Users\ASUS\.gradle\caches\modules-2\files-2.1\org.springframework\spring-aop\6.1.10\aa6a147eb08820fb503a992a8fe2c9fee3439129\spring-aop-6.1.10.jar;C:\Users\ASUS\.gradle\caches\modules-2\files-2.1\org.thymeleaf\thymeleaf-spring6\3.1.2.RELEASE\6030c7b4e260c41336f378e53da6e8531263f24b\thymeleaf-spring6-3.1.2.RELEASE.jar;C:\Users\ASUS\.gradle\caches\modules-2\files-2.1\org.springframework.boot\spring-boot-starter-tomcat\3.3.1\78bc3dedeb8abcea03f35d24f6779e0a3c6080d2\spring-boot-starter-tomcat-3.3.1.jar;C:\Users\ASUS\.gradle\caches\modules-2\files-2.1\org.springframework\spring-web\6.1.10\876a856af61ef5712fb9a3013b798aa2b4a9475e\spring-web-6.1.10.jar;C:\Users\ASUS\.gradle\caches\modules-2\files-2.1\com.zaxxer\HikariCP\5.1.0\8c96e36c14461fc436bb02b264b96ef3ca5dca8c\HikariCP-5.1.0.jar;C:\Users\ASUS\.gradle\caches\modules-2\files-2.1\org.springframework.data\spring-data-commons\3.3.1\fe179b4f9f5d4fafdcf9e2a2030033d61423c3f6\spring-data-commons-3.3.1.jar;C:\Users\ASUS\.gradle\caches\modules-2\files-2.1\org.thymeleaf\thymeleaf\3.1.2.RELEASE\273997509a4c7aef86cee0521750140c587d9be2\thymeleaf-3.1.2.RELEASE.jar;C:\Users\ASUS\.gradle\caches\modules-2\files-2.1\org.springframework.boot\spring-boot-starter-logging\3.3.1\2097eebccdf7556cf42c8a74a5da64420ac143a1\spring-boot-starter-logging-3.3.1.jar;C:\Users\ASUS\.gradle\caches\modules-2\files-2.1\ch.qos.logback\logback-classic\1.5.6\afc75d260d838a3bddfb8f207c2805ed7d1b34f9\logback-classic-1.5.6.jar;C:\Users\ASUS\.gradle\caches\modules-2\files-2.1\org.apache.logging.log4j\log4j-to-slf4j\2.23.1\425ad1eb8a39904d2830e907a324e956fb456520\log4j-to-slf4j-2.23.1.jar;C:\Users\ASUS\.gradle\caches\modules-2\files-2.1\org.slf4j\jul-to-slf4j\2.0.13\a3bcd9d9dd50c71ce69f06b1fd05e40fdeff6ba5\jul-to-slf4j-2.0.13.jar;C:\Users\ASUS\.gradle\caches\modules-2\files-2.1\org.slf4j\slf4j-api\2.0.13\80229737f704b121a318bba5d5deacbcf395bc77\slf4j-api-2.0.13.jar;C:\Users\ASUS\.gradle\caches\modules-2\files-2.1\org.apache.tomcat.embed\tomcat-embed-el\10.1.25\2f030e4971e29245c10e58723fb6b364ce23933b\tomcat-embed-el-10.1.25.jar;C:\Users\ASUS\.gradle\caches\modules-2\files-2.1\jakarta.validation\jakarta.validation-api\3.0.2\92b6631659ba35ca09e44874d3eb936edfeee532\jakarta.validation-api-3.0.2.jar;C:\Users\ASUS\.gradle\caches\modules-2\files-2.1\org.jboss.logging\jboss-logging\3.5.3.Final\c88fc1d8a96d4c3491f55d4317458ccad53ca663\jboss-logging-3.5.3.Final.jar;C:\Users\ASUS\.gradle\caches\modules-2\files-2.1\com.fasterxml\classmate\1.7.0\e98374da1f2143ac8e6e0a95036994bb19137a3\classmate-1.7.0.jar;C:\Users\ASUS\.gradle\caches\modules-2\files-2.1\org.springframework\spring-orm\6.1.10\b4cd93ddd043407b3ba3fdfca3b07db776581fec\spring-orm-6.1.10.jar;C:\Users\ASUS\.gradle\caches\modules-2\files-2.1\org.springframework\spring-jdbc\6.1.10\bba7d7de1d944443bd9e45d0ebcbbb6ec6864be0\spring-jdbc-6.1.10.jar;C:\Users\ASUS\.gradle\caches\modules-2\files-2.1\org.springframework\spring-tx\6.1.10\1a2361bc1881ed1a0dc2e09561e8f560e1949c8e\spring-tx-6.1.10.jar;C:\Users\ASUS\.gradle\caches\modules-2\files-2.1\org.springframework\spring-beans\6.1.10\a49252929fb2918f73eb7659ef98dff7306a7c2c\spring-beans-6.1.10.jar;C:\Users\ASUS\.gradle\caches\modules-2\files-2.1\org.springframework\spring-expression\6.1.10\a17d61f1388d0e13d6e7a740304e9d648fffc7c\spring-expression-6.1.10.jar;C:\Users\ASUS\.gradle\caches\modules-2\files-2.1\org.springframework\spring-core\6.1.10\eaf5b1f3e3bb5aa8b45ab255cf3270c1c4578f1d\spring-core-6.1.10.jar;C:\Users\ASUS\.gradle\caches\modules-2\files-2.1\org.aspectj\aspectjweaver\1.9.22\10736ab74a53af5e2e1b07e76335a5391526b6f8\aspectjweaver-1.9.22.jar;C:\Users\ASUS\.gradle\caches\modules-2\files-2.1\jakarta.persistence\jakarta.persistence-api\3.1.0\66901fa1c373c6aff65c13791cc11da72060a8d6\jakarta.persistence-api-3.1.0.jar;C:\Users\ASUS\.gradle\caches\modules-2\files-2.1\jakarta.transaction\jakarta.transaction-api\2.0.1\51a520e3fae406abb84e2e1148e6746ce3f80a1a\jakarta.transaction-api-2.0.1.jar;C:\Users\ASUS\.gradle\caches\modules-2\files-2.1\org.antlr\antlr4-runtime\4.13.0\5a02e48521624faaf5ff4d99afc88b01686af655\antlr4-runtime-4.13.0.jar;C:\Users\ASUS\.gradle\caches\modules-2\files-2.1\jakarta.annotation\jakarta.annotation-api\2.1.1\48b9bda22b091b1f48b13af03fe36db3be6e1ae3\jakarta.annotation-api-2.1.1.jar;C:\Users\ASUS\.gradle\caches\modules-2\files-2.1\org.yaml\snakeyaml\2.2\3af797a25458550a16bf89acc8e4ab2b7f2bfce0\snakeyaml-2.2.jar;C:\Users\ASUS\.gradle\caches\modules-2\files-2.1\com.fasterxml.jackson.datatype\jackson-datatype-jsr310\2.17.1\969b0c3cb8c75d759e9a6c585c44c9b9f3a4f75\jackson-datatype-jsr310-2.17.1.jar;C:\Users\ASUS\.gradle\caches\modules-2\files-2.1\com.fasterxml.jackson.module\jackson-module-parameter-names\2.17.1\74a998f6fbcedbddedf0a27e8ce72078b2e516a6\jackson-module-parameter-names-2.17.1.jar;C:\Users\ASUS\.gradle\caches\modules-2\files-2.1\com.fasterxml.jackson.core\jackson-annotations\2.17.1\fca7ef6192c9ad05d07bc50da991bf937a84af3a\jackson-annotations-2.17.1.jar;C:\Users\ASUS\.gradle\caches\modules-2\files-2.1\com.fasterxml.jackson.core\jackson-core\2.17.1\5e52a11644cd59a28ef79f02bddc2cc3bab45edb\jackson-core-2.17.1.jar;C:\Users\ASUS\.gradle\caches\modules-2\files-2.1\com.fasterxml.jackson.datatype\jackson-datatype-jdk8\2.17.1\76b495194c36058904c82e288d285a1bd13f0ffa\jackson-datatype-jdk8-2.17.1.jar;C:\Users\ASUS\.gradle\caches\modules-2\files-2.1\com.fasterxml.jackson.core\jackson-databind\2.17.1\524dcbcccdde7d45a679dfc333e4763feb09079\jackson-databind-2.17.1.jar;C:\Users\ASUS\.gradle\caches\modules-2\files-2.1\org.apache.tomcat.embed\tomcat-embed-websocket\10.1.25\efd7848a9677e9a7cf8367b43213805eca70805\tomcat-embed-websocket-10.1.25.jar;C:\Users\ASUS\.gradle\caches\modules-2\files-2.1\org.apache.tomcat.embed\tomcat-embed-core\10.1.25\c1e5ee12f537e6b4fea2b98a7160dcf0db610561\tomcat-embed-core-10.1.25.jar;C:\Users\ASUS\.gradle\caches\modules-2\files-2.1\io.micrometer\micrometer-observation\1.13.1\f6f5fa79e482431531cc253a7204e5c085c7bb20\micrometer-observation-1.13.1.jar;C:\Users\ASUS\.gradle\caches\modules-2\files-2.1\org.springframework\spring-jcl\6.1.10\c22c18cf6ed7d768676816347f020a6868663224\spring-jcl-6.1.10.jar;C:\Users\ASUS\.gradle\caches\modules-2\files-2.1\org.springframework.security\spring-security-crypto\6.3.1\3e66321782db499cca3884830188a091058121f3\spring-security-crypto-6.3.1.jar;C:\Users\ASUS\.gradle\caches\modules-2\files-2.1\org.attoparser\attoparser\2.0.7.RELEASE\e5d0e988d9124139d645bb5872b24dfa23e283cc\attoparser-2.0.7.RELEASE.jar;C:\Users\ASUS\.gradle\caches\modules-2\files-2.1\org.unbescape\unbescape\1.1.6.RELEASE\7b90360afb2b860e09e8347112800d12c12b2a13\unbescape-1.1.6.RELEASE.jar;C:\Users\ASUS\.gradle\caches\modules-2\files-2.1\io.micrometer\micrometer-commons\1.13.1\5629ecbcc84a9f29e1cf976718de2497e50932bf\micrometer-commons-1.13.1.jar;C:\Users\ASUS\.gradle\caches\modules-2\files-2.1\ch.qos.logback\logback-core\1.5.6\41cbe874701200c5624c19e0ab50d1b88dfcc77d\logback-core-1.5.6.jar;C:\Users\ASUS\.gradle\caches\modules-2\files-2.1\org.apache.logging.log4j\log4j-api\2.23.1\9c15c29c526d9c6783049c0a77722693c66706e1\log4j-api-2.23.1.jar;C:\Users\ASUS\.gradle\caches\modules-2\files-2.1\org.springframework.boot\spring-boot-devtools\3.3.1\6edf297bee4db758e9bce41178a81ebf421be994\spring-boot-devtools-3.3.1.jar;C:\Users\ASUS\.gradle\caches\modules-2\files-2.1\com.mysql\mysql-connector-j\8.3.0\1cc7fa5d61f4bbc113531a4ba6d85d41cf3d57e1\mysql-connector-j-8.3.0.jar;C:\Users\ASUS\.gradle\caches\modules-2\files-2.1\com.oracle.database.jdbc\ojdbc11\21.9.0.0\1aad2e20684ee075bb9ebdca2d83f028e4fd35fa\ojdbc11-21.9.0.0.jar;C:\Users\ASUS\.gradle\caches\modules-2\files-2.1\org.hibernate.common\hibernate-commons-annotations\6.0.6.Final\77a5f94b56d49508e0ee334751db5b78e5ccd50c\hibernate-commons-annotations-6.0.6.Final.jar;C:\Users\ASUS\.gradle\caches\modules-2\files-2.1\io.smallrye\jandex\3.1.2\a6c1c89925c7df06242b03dddb353116ceb9584c\jandex-3.1.2.jar;C:\Users\ASUS\.gradle\caches\modules-2\files-2.1\net.bytebuddy\byte-buddy\1.14.17\a8d08f3c1e75ecc7f38a8cfd7e9fa47919096373\byte-buddy-1.14.17.jar;C:\Users\ASUS\.gradle\caches\modules-2\files-2.1\org.glassfish.jaxb\jaxb-runtime\4.0.5\ca84c2a7169b5293e232b9d00d1e4e36d4c3914a\jaxb-runtime-4.0.5.jar;C:\Users\ASUS\.gradle\caches\modules-2\files-2.1\org.glassfish.jaxb\jaxb-core\4.0.5\7b4b11ea5542eea4ad55e1080b23be436795b3\jaxb-core-4.0.5.jar;C:\Users\ASUS\.gradle\caches\modules-2\files-2.1\jakarta.xml.bind\jakarta.xml.bind-api\4.0.2\6cd5a999b834b63238005b7144136379dc36cad2\jakarta.xml.bind-api-4.0.2.jar;C:\Users\ASUS\.gradle\caches\modules-2\files-2.1\jakarta.inject\jakarta.inject-api\2.0.1\4c28afe1991a941d7702fe1362c365f0a8641d1e\jakarta.inject-api-2.0.1.jar;C:\Users\ASUS\.gradle\caches\modules-2\files-2.1\org.eclipse.angus\angus-activation\2.0.2\41f1e0ddd157c856926ed149ab837d110955a9fc\angus-activation-2.0.2.jar;C:\Users\ASUS\.gradle\caches\modules-2\files-2.1\jakarta.activation\jakarta.activation-api\2.1.3\fa165bd70cda600368eee31555222776a46b881f\jakarta.activation-api-2.1.3.jar;C:\Users\ASUS\.gradle\caches\modules-2\files-2.1\org.glassfish.jaxb\txw2\4.0.5\f36a4ef12120a9bb06d766d6a0e54b144fd7ed98\txw2-4.0.5.jar;C:\Users\ASUS\.gradle\caches\modules-2\files-2.1\com.sun.istack\istack-commons-runtime\4.1.2\18ec117c85f3ba0ac65409136afa8e42bc74e739\istack-commons-runtime-4.1.2.jar
Launcher Type: SUN_STANDARD

[Global flags]
     intx CICompilerCount                          = 4                                         {product} {ergonomic}
     uint ConcGCThreads                            = 2                                         {product} {ergonomic}
     uint G1ConcRefinementThreads                  = 8                                         {product} {ergonomic}
   size_t G1HeapRegionSize                         = 2097152                                   {product} {ergonomic}
   size_t InitialHeapSize                          = 264241152                                 {product} {ergonomic}
     bool ManagementServer                         = true                                      {product} {command line}
   size_t MarkStackSize                            = 4194304                                   {product} {ergonomic}
   size_t MaxHeapSize                              = 4215275520                                {product} {ergonomic}
   size_t MaxNewSize                               = 2529165312                                {product} {ergonomic}
   size_t MinHeapDeltaBytes                        = 2097152                                   {product} {ergonomic}
   size_t MinHeapSize                              = 8388608                                   {product} {ergonomic}
    uintx NonNMethodCodeHeapSize                   = 4096                                   {pd product} {ergonomic}
    uintx NonProfiledCodeHeapSize                  = 0                                      {pd product} {ergonomic}
     bool ProfileInterpreter                       = false                                  {pd product} {command line}
    uintx ProfiledCodeHeapSize                     = 0                                      {pd product} {ergonomic}
     bool ShowCodeDetailsInExceptionMessages       = true                                   {manageable} {command line}
   size_t SoftMaxHeapSize                          = 4215275520                             {manageable} {ergonomic}
     intx TieredStopAtLevel                        = 1                                         {product} {command line}
     bool UseCompressedOops                        = true                           {product lp64_product} {ergonomic}
     bool UseG1GC                                  = true                                      {product} {ergonomic}
     bool UseLargePagesIndividualAllocation        = false                                  {pd product} {ergonomic}

Logging:
Log output configuration:
 #0: stdout all=warning uptime,level,tags foldmultilines=false
 #1: stderr all=off uptime,level,tags foldmultilines=false

Environment Variables:
PATH=C:\Users\ASUS\.p2\pool\plugins\org.eclipse.justj.openjdk.hotspot.jre.full.win32.x86_64_22.0.1.v20240426-1149\jre\bin;C:/Users/ASUS/.p2/pool/plugins/org.eclipse.justj.openjdk.hotspot.jre.full.win32.x86_64_22.0.1.v20240426-1149/jre/bin/server;C:/Users/ASUS/.p2/pool/plugins/org.eclipse.justj.openjdk.hotspot.jre.full.win32.x86_64_22.0.1.v20240426-1149/jre/bin;C:\Program Files\Common Files\Oracle\Java\javapath;C:\WINDOWS\system32;C:\WINDOWS;C:\WINDOWS\System32\Wbem;C:\WINDOWS\System32\WindowsPowerShell\v1.0\;C:\WINDOWS\System32\OpenSSH\;C:\Program Files\Docker\Docker\resources\bin;C:\ProgramData\DockerDesktop\version-bin;C:\Program Files\Git\cmd;C:\Program Files\MySQL\MySQL Server 8.0\bin;C:\Program Files\MySQL\MySQL Shell 8.0\bin\;C:\Users\ASUS\AppData\Local\Microsoft\WindowsApps;C:\Users\ASUS\AppData\Local\Programs\Microsoft VS Code\bin;C:\Users\ASUS\AppData\Local\GitHubDesktop\bin;C:\Program Files\Java\jdk-17\bin;;C:\Program Files\JetBrains\IntelliJ IDEA Community Edition 2024.1.4\bin;;C:\Program Files\JetBrains\IntelliJ IDEA 2024.1.4\bin;;C:\WINDOWS\system32;
USERNAME=ASUS
OS=Windows_NT
PROCESSOR_IDENTIFIER=Intel64 Family 6 Model 140 Stepping 1, GenuineIntel
TMP=C:\Users\ASUS\AppData\Local\Temp
TEMP=C:\Users\ASUS\AppData\Local\Temp




Periodic native trim disabled

---------------  S Y S T E M  ---------------

OS:
 Windows 11 , 64 bit Build 22621 (10.0.22621.3672)
OS uptime: 0 days 0:46 hours
Hyper-V role detected

CPU: total 8 (initial active 8) (4 cores per cpu, 2 threads per core) family 6 model 140 stepping 1 microcode 0x9a, cx8, cmov, fxsr, ht, mmx, 3dnowpref, sse, sse2, sse3, ssse3, sse4.1, sse4.2, popcnt, lzcnt, tsc, tscinvbit, avx, avx2, aes, erms, clmul, bmi1, bmi2, adx, avx512f, avx512dq, avx512cd, avx512bw, avx512vl, sha, fma, vzeroupper, avx512_vpopcntdq, avx512_vpclmulqdq, avx512_vaes, avx512_vnni, clflush, clflushopt, clwb, avx512_vbmi2, avx512_vbmi, hv, rdtscp, rdpid, fsrm, gfni, avx512_bitalg, f16c, cet_ibt, cet_ss, avx512_ifma
Processor Information for all 8 processors :
  Max Mhz: 2419, Current Mhz: 2419, Mhz Limit: 2419

Memory: 4k page, system-wide physical 16074M (7928M free)
TotalPageFile size 18506M (AvailPageFile size 7487M)
current process WorkingSet (physical memory assigned to process): 341M, peak: 384M
current process commit charge ("private bytes"): 373M, peak: 413M

vm_info: OpenJDK 64-Bit Server VM (22.0.1+8) for windows-amd64 JRE (22.0.1+8), built on 2024-04-16T00:00:00Z by "admin" with MS VC++ 17.7 (VS2022)

END.
